#! /usr/bin/vvp
:ivl_version "10.1 (stable)";
:ivl_delay_selection "TYPICAL";
:vpi_time_precision - 10;
:vpi_module "system";
:vpi_module "vhdl_sys";
:vpi_module "v2005_math";
:vpi_module "va_math";
S_0x5619dbc47d20 .scope module, "and3" "and3" 2 9;
 .timescale 0 0;
    .port_info 0 /INPUT 1 "i0"
    .port_info 1 /INPUT 1 "i1"
    .port_info 2 /INPUT 1 "i2"
    .port_info 3 /OUTPUT 1 "o6"
o0x7f99406fb048 .functor BUFZ 1, C4<z>; HiZ drive
o0x7f99406fb078 .functor BUFZ 1, C4<z>; HiZ drive
L_0x5619dbc3b330 .functor AND 1, o0x7f99406fb048, o0x7f99406fb078, C4<1>, C4<1>;
o0x7f99406fb0a8 .functor BUFZ 1, C4<z>; HiZ drive
L_0x5619dbc3bf10 .functor AND 1, L_0x5619dbc3b330, o0x7f99406fb0a8, C4<1>, C4<1>;
v0x5619dbc05f20_0 .net *"_s0", 0 0, L_0x5619dbc3b330;  1 drivers
v0x5619dbc15fc0_0 .net "i0", 0 0, o0x7f99406fb048;  0 drivers
v0x5619dbc13340_0 .net "i1", 0 0, o0x7f99406fb078;  0 drivers
v0x5619dbc0e9b0_0 .net "i2", 0 0, o0x7f99406fb0a8;  0 drivers
v0x5619dbc0bd30_0 .net "o6", 0 0, L_0x5619dbc3bf10;  1 drivers
S_0x5619dbc44b50 .scope module, "nand2" "nand2" 2 37;
 .timescale 0 0;
    .port_info 0 /INPUT 1 "i0"
    .port_info 1 /INPUT 1 "i1"
    .port_info 2 /OUTPUT 1 "o5"
o0x7f99406fb1c8 .functor BUFZ 1, C4<z>; HiZ drive
v0x5619dbc4ebf0_0 .net "i0", 0 0, o0x7f99406fb1c8;  0 drivers
o0x7f99406fb1f8 .functor BUFZ 1, C4<z>; HiZ drive
v0x5619dbc4ecc0_0 .net "i1", 0 0, o0x7f99406fb1f8;  0 drivers
v0x5619dbc4ed90_0 .net "o5", 0 0, L_0x5619dbc772f0;  1 drivers
v0x5619dbc4ee90_0 .net "t", 0 0, L_0x5619dbc3caf0;  1 drivers
S_0x5619dbc4e540 .scope module, "and2_0" "and2" 2 39, 2 5 0, S_0x5619dbc44b50;
 .timescale 0 0;
    .port_info 0 /INPUT 1 "i0"
    .port_info 1 /INPUT 1 "i1"
    .port_info 2 /OUTPUT 1 "o2"
L_0x5619dbc3caf0 .functor AND 1, o0x7f99406fb1c8, o0x7f99406fb1f8, C4<1>, C4<1>;
v0x5619dbc073a0_0 .net "i0", 0 0, o0x7f99406fb1c8;  alias, 0 drivers
v0x5619dbc04780_0 .net "i1", 0 0, o0x7f99406fb1f8;  alias, 0 drivers
v0x5619dbc4e760_0 .net "o2", 0 0, L_0x5619dbc3caf0;  alias, 1 drivers
S_0x5619dbc4e880 .scope module, "invert_0" "invert" 2 40, 2 1 0, S_0x5619dbc44b50;
 .timescale 0 0;
    .port_info 0 /INPUT 1 "i"
    .port_info 1 /OUTPUT 1 "o1"
v0x5619dbc4ea00_0 .net "i", 0 0, L_0x5619dbc3caf0;  alias, 1 drivers
v0x5619dbc4eaf0_0 .net "o1", 0 0, L_0x5619dbc772f0;  alias, 1 drivers
L_0x5619dbc772f0 .reduce/nor L_0x5619dbc3caf0;
S_0x5619dbc44400 .scope module, "or3" "or3" 2 33;
 .timescale 0 0;
    .port_info 0 /INPUT 1 "i0"
    .port_info 1 /INPUT 1 "i1"
    .port_info 2 /INPUT 1 "i2"
    .port_info 3 /OUTPUT 1 "o4"
o0x7f99406fb438 .functor BUFZ 1, C4<z>; HiZ drive
o0x7f99406fb468 .functor BUFZ 1, C4<z>; HiZ drive
L_0x5619dbc3d6d0 .functor OR 1, o0x7f99406fb438, o0x7f99406fb468, C4<0>, C4<0>;
o0x7f99406fb498 .functor BUFZ 1, C4<z>; HiZ drive
L_0x5619dbc77400 .functor OR 1, L_0x5619dbc3d6d0, o0x7f99406fb498, C4<0>, C4<0>;
v0x5619dbc4ef80_0 .net *"_s0", 0 0, L_0x5619dbc3d6d0;  1 drivers
v0x5619dbc4f060_0 .net "i0", 0 0, o0x7f99406fb438;  0 drivers
v0x5619dbc4f120_0 .net "i1", 0 0, o0x7f99406fb468;  0 drivers
v0x5619dbc4f1c0_0 .net "i2", 0 0, o0x7f99406fb498;  0 drivers
v0x5619dbc4f280_0 .net "o4", 0 0, L_0x5619dbc77400;  1 drivers
S_0x5619dbc12f20 .scope module, "tb" "tb" 3 4;
 .timescale -9 -10;
v0x5619dbc752a0_0 .var "clk", 0 0;
v0x5619dbc75360_0 .var/i "i", 31 0;
v0x5619dbc75440_0 .var "i0", 7 0;
v0x5619dbc754e0_0 .var "i1", 7 0;
v0x5619dbc75580_0 .net "o", 8 0, L_0x5619dbc87d90;  1 drivers
v0x5619dbc75670_0 .var "reset", 0 0;
v0x5619dbc75710 .array "test_vecs", 7 0, 31 0;
S_0x5619dbc4f410 .scope module, "PA_0" "prefixAdder" 3 27, 4 7 0, S_0x5619dbc12f20;
 .timescale 0 0;
    .port_info 0 /INPUT 8 "a"
    .port_info 1 /INPUT 8 "b"
    .port_info 2 /OUTPUT 9 "sum"
L_0x5619dbc87cd0 .functor BUFZ 1, L_0x5619dbc82020, C4<0>, C4<0>, C4<0>;
v0x5619dbc72680_0 .net *"_s107", 0 0, L_0x5619dbc7a920;  1 drivers
v0x5619dbc72760_0 .net *"_s111", 0 0, L_0x5619dbc7a9c0;  1 drivers
v0x5619dbc72840_0 .net *"_s15", 0 0, L_0x5619dbc77a10;  1 drivers
v0x5619dbc72930_0 .net *"_s153", 0 0, L_0x5619dbc7c390;  1 drivers
v0x5619dbc72a10_0 .net *"_s157", 0 0, L_0x5619dbc7c5d0;  1 drivers
v0x5619dbc72b40_0 .net *"_s19", 0 0, L_0x5619dbc77ab0;  1 drivers
v0x5619dbc72c20_0 .net *"_s267", 0 0, L_0x5619dbc85890;  1 drivers
v0x5619dbc72d00_0 .net *"_s304", 0 0, L_0x5619dbc87cd0;  1 drivers
o0x7f9940701b88 .functor BUFZ 8, C4<zzzzzzzz>; HiZ drive
; Elide local net with no drivers, v0x5619dbc72de0_0 name=_s309
o0x7f9940701bb8 .functor BUFZ 8, C4<zzzzzzzz>; HiZ drive
; Elide local net with no drivers, v0x5619dbc72f50_0 name=_s312
o0x7f9940701be8 .functor BUFZ 8, C4<zzzzzzzz>; HiZ drive
; Elide local net with no drivers, v0x5619dbc73030_0 name=_s315
o0x7f9940701c18 .functor BUFZ 8, C4<zzzzzzzz>; HiZ drive
; Elide local net with no drivers, v0x5619dbc73110_0 name=_s318
v0x5619dbc731f0_0 .net *"_s61", 0 0, L_0x5619dbc78fe0;  1 drivers
v0x5619dbc732d0_0 .net *"_s65", 0 0, L_0x5619dbc78e50;  1 drivers
v0x5619dbc733b0_0 .net "a", 7 0, v0x5619dbc75440_0;  1 drivers
v0x5619dbc73490_0 .net "b", 7 0, v0x5619dbc754e0_0;  1 drivers
v0x5619dbc73570_0 .net "cg1", 15 0, L_0x5619dbc8a1f0;  1 drivers
v0x5619dbc73650_0 .net "cg211", 0 0, L_0x5619dbc82280;  1 drivers
v0x5619dbc736f0_0 .net "cg215", 0 0, L_0x5619dbc82f10;  1 drivers
v0x5619dbc73790_0 .net "cg22", 0 0, L_0x5619dbc7dfa0;  1 drivers
v0x5619dbc73830_0 .net "cg23", 0 0, L_0x5619dbc7ea60;  1 drivers
v0x5619dbc738d0_0 .net "cg27", 0 0, L_0x5619dbc7f870;  1 drivers
v0x5619dbc73a00_0 .net "cg315", 0 0, L_0x5619dbc83f50;  1 drivers
v0x5619dbc73b30_0 .net "cg34", 0 0, L_0x5619dbc803d0;  1 drivers
v0x5619dbc73bd0_0 .net "cg35", 0 0, L_0x5619dbc80d90;  1 drivers
v0x5619dbc73c70_0 .net "cg36", 0 0, L_0x5619dbc81540;  1 drivers
v0x5619dbc73d10_0 .net "cg37", 0 0, L_0x5619dbc82020;  1 drivers
v0x5619dbc73db0_0 .net "cg411", 0 0, L_0x5619dbc84160;  1 drivers
v0x5619dbc73e50_0 .net "cg415", 0 0, L_0x5619dbc84480;  1 drivers
v0x5619dbc73ef0_0 .net "cg513", 0 0, L_0x5619dbc84e20;  1 drivers
v0x5619dbc73f90_0 .net "cg59", 0 0, L_0x5619dbc84690;  1 drivers
v0x5619dbc74030_0 .net "cp1", 15 0, L_0x5619dbc89fb0;  1 drivers
v0x5619dbc74110_0 .net "cp211", 0 0, L_0x5619dbc823c0;  1 drivers
v0x5619dbc743c0_0 .net "cp215", 0 0, L_0x5619dbc83050;  1 drivers
v0x5619dbc74460_0 .net "cp22", 0 0, L_0x5619dbc7e0a0;  1 drivers
v0x5619dbc74500_0 .net "cp23", 0 0, L_0x5619dbc7eba0;  1 drivers
v0x5619dbc746b0_0 .net "cp27", 0 0, L_0x5619dbc7f9b0;  1 drivers
v0x5619dbc74750_0 .net "cp315", 0 0, L_0x5619dbc84000;  1 drivers
v0x5619dbc747f0_0 .net "cp34", 0 0, L_0x5619dbc80510;  1 drivers
v0x5619dbc74890_0 .net "cp35", 0 0, L_0x5619dbc80ed0;  1 drivers
v0x5619dbc74930_0 .net "cp36", 0 0, L_0x5619dbc81680;  1 drivers
v0x5619dbc749d0_0 .net "cp37", 0 0, L_0x5619dbc820d0;  1 drivers
v0x5619dbc74b80_0 .net "cp411", 0 0, L_0x5619dbc84210;  1 drivers
v0x5619dbc74c20_0 .net "cp415", 0 0, L_0x5619dbc84530;  1 drivers
v0x5619dbc74cc0_0 .net "cp513", 0 0, L_0x5619dbc84f60;  1 drivers
v0x5619dbc74db0_0 .net "cp59", 0 0, L_0x5619dbc847d0;  1 drivers
v0x5619dbc74ea0_0 .net "g", 15 0, L_0x5619dbc89890;  1 drivers
v0x5619dbc74f80_0 .net "p", 15 0, L_0x5619dbc89510;  1 drivers
v0x5619dbc75060_0 .net "s", 8 0, L_0x5619dbc879b0;  1 drivers
v0x5619dbc75140_0 .net "sum", 8 0, L_0x5619dbc87d90;  alias, 1 drivers
L_0x5619dbc77510 .part v0x5619dbc75440_0, 0, 1;
L_0x5619dbc77650 .part v0x5619dbc754e0_0, 0, 1;
L_0x5619dbc77800 .part v0x5619dbc75440_0, 0, 1;
L_0x5619dbc778f0 .part v0x5619dbc754e0_0, 0, 1;
L_0x5619dbc77a10 .part L_0x5619dbc89510, 0, 1;
L_0x5619dbc77ab0 .part L_0x5619dbc89890, 0, 1;
L_0x5619dbc77c90 .part v0x5619dbc75440_0, 1, 1;
L_0x5619dbc77e10 .part v0x5619dbc754e0_0, 1, 1;
L_0x5619dbc78030 .part v0x5619dbc75440_0, 1, 1;
L_0x5619dbc780d0 .part v0x5619dbc754e0_0, 1, 1;
L_0x5619dbc78590 .part L_0x5619dbc89510, 1, 1;
L_0x5619dbc78680 .part L_0x5619dbc89890, 0, 1;
L_0x5619dbc787e0 .part L_0x5619dbc89890, 1, 1;
L_0x5619dbc78880 .part L_0x5619dbc89510, 1, 1;
L_0x5619dbc789a0 .part L_0x5619dbc89890, 0, 1;
L_0x5619dbc78ad0 .part v0x5619dbc75440_0, 2, 1;
L_0x5619dbc78c00 .part v0x5619dbc754e0_0, 2, 1;
L_0x5619dbc78d60 .part v0x5619dbc75440_0, 2, 1;
L_0x5619dbc78ef0 .part v0x5619dbc754e0_0, 2, 1;
L_0x5619dbc78fe0 .part L_0x5619dbc89510, 2, 1;
L_0x5619dbc78e50 .part L_0x5619dbc89890, 2, 1;
L_0x5619dbc791a0 .part v0x5619dbc75440_0, 3, 1;
L_0x5619dbc79410 .part v0x5619dbc754e0_0, 3, 1;
L_0x5619dbc79680 .part v0x5619dbc75440_0, 3, 1;
L_0x5619dbc79840 .part v0x5619dbc754e0_0, 3, 1;
L_0x5619dbc79c60 .part L_0x5619dbc89510, 3, 1;
L_0x5619dbc79de0 .part L_0x5619dbc89890, 2, 1;
L_0x5619dbc79e80 .part L_0x5619dbc89890, 3, 1;
L_0x5619dbc7a010 .part L_0x5619dbc89510, 3, 1;
L_0x5619dbc7a0b0 .part L_0x5619dbc89510, 2, 1;
L_0x5619dbc7a2c0 .part v0x5619dbc75440_0, 4, 1;
L_0x5619dbc7a3b0 .part v0x5619dbc754e0_0, 4, 1;
L_0x5619dbc7a620 .part v0x5619dbc75440_0, 4, 1;
L_0x5619dbc7a710 .part v0x5619dbc754e0_0, 4, 1;
L_0x5619dbc7a920 .part L_0x5619dbc89890, 4, 1;
L_0x5619dbc7a9c0 .part L_0x5619dbc89510, 4, 1;
L_0x5619dbc7a870 .part v0x5619dbc75440_0, 5, 1;
L_0x5619dbc7acf0 .part v0x5619dbc754e0_0, 5, 1;
L_0x5619dbc7af90 .part v0x5619dbc75440_0, 5, 1;
L_0x5619dbc7b080 .part v0x5619dbc754e0_0, 5, 1;
L_0x5619dbc7b5f0 .part L_0x5619dbc89510, 5, 1;
L_0x5619dbc7b690 .part L_0x5619dbc89890, 4, 1;
L_0x5619dbc7b890 .part L_0x5619dbc89890, 5, 1;
L_0x5619dbc7b930 .part L_0x5619dbc89510, 5, 1;
L_0x5619dbc7bb40 .part L_0x5619dbc89510, 4, 1;
L_0x5619dbc7bc50 .part v0x5619dbc75440_0, 6, 1;
L_0x5619dbc7bec0 .part v0x5619dbc754e0_0, 6, 1;
L_0x5619dbc7c020 .part v0x5619dbc75440_0, 6, 1;
L_0x5619dbc7c2a0 .part v0x5619dbc754e0_0, 6, 1;
L_0x5619dbc7c390 .part L_0x5619dbc89890, 6, 1;
L_0x5619dbc7c5d0 .part L_0x5619dbc89510, 6, 1;
L_0x5619dbc7c6e0 .part v0x5619dbc75440_0, 7, 1;
L_0x5619dbc7cb90 .part v0x5619dbc754e0_0, 7, 1;
L_0x5619dbc7cf00 .part v0x5619dbc75440_0, 7, 1;
L_0x5619dbc7d1b0 .part v0x5619dbc754e0_0, 7, 1;
L_0x5619dbc7d5d0 .part L_0x5619dbc89510, 7, 1;
L_0x5619dbc7d840 .part L_0x5619dbc89890, 6, 1;
L_0x5619dbc7d8e0 .part L_0x5619dbc89890, 7, 1;
L_0x5619dbc7db60 .part L_0x5619dbc89510, 7, 1;
L_0x5619dbc7dc00 .part L_0x5619dbc89510, 6, 1;
L_0x5619dbc7e180 .part L_0x5619dbc89fb0, 2, 1;
L_0x5619dbc7e220 .part L_0x5619dbc8a1f0, 1, 1;
L_0x5619dbc7e4c0 .part L_0x5619dbc8a1f0, 2, 1;
L_0x5619dbc7e5b0 .part L_0x5619dbc89fb0, 2, 1;
L_0x5619dbc7e8b0 .part L_0x5619dbc89fb0, 1, 1;
L_0x5619dbc7ecf0 .part L_0x5619dbc89fb0, 3, 1;
L_0x5619dbc7f040 .part L_0x5619dbc8a1f0, 1, 1;
L_0x5619dbc7f0e0 .part L_0x5619dbc8a1f0, 3, 1;
L_0x5619dbc7f440 .part L_0x5619dbc89fb0, 3, 1;
L_0x5619dbc7f4e0 .part L_0x5619dbc89fb0, 1, 1;
L_0x5619dbc7fb00 .part L_0x5619dbc89fb0, 7, 1;
L_0x5619dbc7fba0 .part L_0x5619dbc8a1f0, 5, 1;
L_0x5619dbc7fe90 .part L_0x5619dbc8a1f0, 7, 1;
L_0x5619dbc7ff30 .part L_0x5619dbc89fb0, 7, 1;
L_0x5619dbc80230 .part L_0x5619dbc89fb0, 5, 1;
L_0x5619dbc805c0 .part L_0x5619dbc89fb0, 4, 1;
L_0x5619dbc808d0 .part L_0x5619dbc8a1f0, 4, 1;
L_0x5619dbc80970 .part L_0x5619dbc89fb0, 4, 1;
L_0x5619dbc80fd0 .part L_0x5619dbc89fb0, 5, 1;
L_0x5619dbc81070 .part L_0x5619dbc8a1f0, 5, 1;
L_0x5619dbc813a0 .part L_0x5619dbc89fb0, 5, 1;
L_0x5619dbc81730 .part L_0x5619dbc89fb0, 6, 1;
L_0x5619dbc81a70 .part L_0x5619dbc8a1f0, 6, 1;
L_0x5619dbc81b10 .part L_0x5619dbc89fb0, 6, 1;
L_0x5619dbc82510 .part L_0x5619dbc89fb0, 11, 1;
L_0x5619dbc825b0 .part L_0x5619dbc8a1f0, 9, 1;
L_0x5619dbc82910 .part L_0x5619dbc8a1f0, 11, 1;
L_0x5619dbc829b0 .part L_0x5619dbc89fb0, 11, 1;
L_0x5619dbc82d20 .part L_0x5619dbc89fb0, 9, 1;
L_0x5619dbc831a0 .part L_0x5619dbc89fb0, 15, 1;
L_0x5619dbc83520 .part L_0x5619dbc8a1f0, 11, 1;
L_0x5619dbc835c0 .part L_0x5619dbc8a1f0, 15, 1;
L_0x5619dbc83950 .part L_0x5619dbc89fb0, 15, 1;
L_0x5619dbc839f0 .part L_0x5619dbc89fb0, 11, 1;
L_0x5619dbc84880 .part L_0x5619dbc89fb0, 9, 1;
L_0x5619dbc84920 .part L_0x5619dbc8a1f0, 9, 1;
L_0x5619dbc84cd0 .part L_0x5619dbc89fb0, 9, 1;
L_0x5619dbc85060 .part L_0x5619dbc89fb0, 13, 1;
L_0x5619dbc85420 .part L_0x5619dbc8a1f0, 13, 1;
L_0x5619dbc854c0 .part L_0x5619dbc89fb0, 13, 1;
L_0x5619dbc85890 .part L_0x5619dbc89510, 0, 1;
L_0x5619dbc85bb0 .part L_0x5619dbc89510, 1, 1;
L_0x5619dbc85fe0 .part L_0x5619dbc8a1f0, 0, 1;
L_0x5619dbc86350 .part L_0x5619dbc89510, 2, 1;
L_0x5619dbc86790 .part L_0x5619dbc8a1f0, 1, 1;
L_0x5619dbc868f0 .part L_0x5619dbc89510, 3, 1;
L_0x5619dbc86db0 .part L_0x5619dbc89510, 4, 1;
L_0x5619dbc86f10 .part L_0x5619dbc89510, 5, 1;
L_0x5619dbc873e0 .part L_0x5619dbc89510, 6, 1;
L_0x5619dbc87540 .part L_0x5619dbc89510, 7, 1;
LS_0x5619dbc879b0_0_0 .concat8 [ 1 1 1 1], L_0x5619dbc85890, L_0x5619dbc85b40, L_0x5619dbc862e0, L_0x5619dbc86880;
LS_0x5619dbc879b0_0_4 .concat8 [ 1 1 1 1], L_0x5619dbc86d40, L_0x5619dbc86ea0, L_0x5619dbc87370, L_0x5619dbc874d0;
LS_0x5619dbc879b0_0_8 .concat8 [ 1 0 0 0], L_0x5619dbc87cd0;
L_0x5619dbc879b0 .concat8 [ 4 4 1 0], LS_0x5619dbc879b0_0_0, LS_0x5619dbc879b0_0_4, LS_0x5619dbc879b0_0_8;
L_0x5619dbc87d90 .concat [ 9 0 0 0], L_0x5619dbc879b0;
LS_0x5619dbc89510_0_0 .concat [ 1 1 1 1], L_0x5619dbc77470, L_0x5619dbc77bc0, L_0x5619dbc78770, L_0x5619dbc79130;
LS_0x5619dbc89510_0_4 .concat [ 1 1 1 1], L_0x5619dbc7a250, L_0x5619dbc7a800, L_0x5619dbc7bbe0, L_0x5619dbc7c670;
LS_0x5619dbc89510_0_8 .concat [ 8 0 0 0], o0x7f9940701b88;
L_0x5619dbc89510 .concat [ 4 4 8 0], LS_0x5619dbc89510_0_0, LS_0x5619dbc89510_0_4, LS_0x5619dbc89510_0_8;
LS_0x5619dbc89890_0_0 .concat [ 1 1 1 1], L_0x5619dbc77790, L_0x5619dbc77f90, L_0x5619dbc78cf0, L_0x5619dbc79610;
LS_0x5619dbc89890_0_4 .concat [ 1 1 1 1], L_0x5619dbc7a5b0, L_0x5619dbc7af20, L_0x5619dbc7bfb0, L_0x5619dbc7ce90;
LS_0x5619dbc89890_0_8 .concat [ 8 0 0 0], o0x7f9940701bb8;
L_0x5619dbc89890 .concat [ 4 4 8 0], LS_0x5619dbc89890_0_0, LS_0x5619dbc89890_0_4, LS_0x5619dbc89890_0_8;
LS_0x5619dbc89fb0_0_0 .concat [ 1 1 1 1], L_0x5619dbc77a10, L_0x5619dbc78430, L_0x5619dbc78fe0, L_0x5619dbc79b00;
LS_0x5619dbc89fb0_0_4 .concat [ 1 1 1 1], L_0x5619dbc7a9c0, L_0x5619dbc7b490, L_0x5619dbc7c5d0, L_0x5619dbc7d470;
LS_0x5619dbc89fb0_0_8 .concat [ 8 0 0 0], o0x7f9940701be8;
L_0x5619dbc89fb0 .concat [ 4 4 8 0], LS_0x5619dbc89fb0_0_0, LS_0x5619dbc89fb0_0_4, LS_0x5619dbc89fb0_0_8;
LS_0x5619dbc8a1f0_0_0 .concat [ 1 1 1 1], L_0x5619dbc77ab0, L_0x5619dbc782e0, L_0x5619dbc78e50, L_0x5619dbc79a40;
LS_0x5619dbc8a1f0_0_4 .concat [ 1 1 1 1], L_0x5619dbc7a920, L_0x5619dbc7b3d0, L_0x5619dbc7c390, L_0x5619dbc7d3b0;
LS_0x5619dbc8a1f0_0_8 .concat [ 8 0 0 0], o0x7f9940701c18;
L_0x5619dbc8a1f0 .concat [ 4 4 8 0], LS_0x5619dbc8a1f0_0_0, LS_0x5619dbc8a1f0_0_4, LS_0x5619dbc8a1f0_0_8;
S_0x5619dbc4f670 .scope module, "a2" "and2" 4 49, 2 5 0, S_0x5619dbc4f410;
 .timescale 0 0;
    .port_info 0 /INPUT 1 "i0"
    .port_info 1 /INPUT 1 "i1"
    .port_info 2 /OUTPUT 1 "o2"
L_0x5619dbc77790 .functor AND 1, L_0x5619dbc77800, L_0x5619dbc778f0, C4<1>, C4<1>;
v0x5619dbc4f8d0_0 .net "i0", 0 0, L_0x5619dbc77800;  1 drivers
v0x5619dbc4f9b0_0 .net "i1", 0 0, L_0x5619dbc778f0;  1 drivers
v0x5619dbc4fa70_0 .net "o2", 0 0, L_0x5619dbc77790;  1 drivers
S_0x5619dbc4fb90 .scope module, "and2_g1" "and2" 4 54, 2 5 0, S_0x5619dbc4f410;
 .timescale 0 0;
    .port_info 0 /INPUT 1 "i0"
    .port_info 1 /INPUT 1 "i1"
    .port_info 2 /OUTPUT 1 "o2"
L_0x5619dbc77f90 .functor AND 1, L_0x5619dbc78030, L_0x5619dbc780d0, C4<1>, C4<1>;
v0x5619dbc4fdb0_0 .net "i0", 0 0, L_0x5619dbc78030;  1 drivers
v0x5619dbc4fe90_0 .net "i1", 0 0, L_0x5619dbc780d0;  1 drivers
v0x5619dbc4ff50_0 .net "o2", 0 0, L_0x5619dbc77f90;  1 drivers
S_0x5619dbc500a0 .scope module, "and2_g2" "and2" 4 58, 2 5 0, S_0x5619dbc4f410;
 .timescale 0 0;
    .port_info 0 /INPUT 1 "i0"
    .port_info 1 /INPUT 1 "i1"
    .port_info 2 /OUTPUT 1 "o2"
L_0x5619dbc78cf0 .functor AND 1, L_0x5619dbc78d60, L_0x5619dbc78ef0, C4<1>, C4<1>;
v0x5619dbc502f0_0 .net "i0", 0 0, L_0x5619dbc78d60;  1 drivers
v0x5619dbc503b0_0 .net "i1", 0 0, L_0x5619dbc78ef0;  1 drivers
v0x5619dbc50470_0 .net "o2", 0 0, L_0x5619dbc78cf0;  1 drivers
S_0x5619dbc505c0 .scope module, "and2_g3" "and2" 4 63, 2 5 0, S_0x5619dbc4f410;
 .timescale 0 0;
    .port_info 0 /INPUT 1 "i0"
    .port_info 1 /INPUT 1 "i1"
    .port_info 2 /OUTPUT 1 "o2"
L_0x5619dbc79610 .functor AND 1, L_0x5619dbc79680, L_0x5619dbc79840, C4<1>, C4<1>;
v0x5619dbc507e0_0 .net "i0", 0 0, L_0x5619dbc79680;  1 drivers
v0x5619dbc508c0_0 .net "i1", 0 0, L_0x5619dbc79840;  1 drivers
v0x5619dbc50980_0 .net "o2", 0 0, L_0x5619dbc79610;  1 drivers
S_0x5619dbc50ad0 .scope module, "and2_g4" "and2" 4 68, 2 5 0, S_0x5619dbc4f410;
 .timescale 0 0;
    .port_info 0 /INPUT 1 "i0"
    .port_info 1 /INPUT 1 "i1"
    .port_info 2 /OUTPUT 1 "o2"
L_0x5619dbc7a5b0 .functor AND 1, L_0x5619dbc7a620, L_0x5619dbc7a710, C4<1>, C4<1>;
v0x5619dbc50d40_0 .net "i0", 0 0, L_0x5619dbc7a620;  1 drivers
v0x5619dbc50e20_0 .net "i1", 0 0, L_0x5619dbc7a710;  1 drivers
v0x5619dbc50ee0_0 .net "o2", 0 0, L_0x5619dbc7a5b0;  1 drivers
S_0x5619dbc51000 .scope module, "and2_g5" "and2" 4 73, 2 5 0, S_0x5619dbc4f410;
 .timescale 0 0;
    .port_info 0 /INPUT 1 "i0"
    .port_info 1 /INPUT 1 "i1"
    .port_info 2 /OUTPUT 1 "o2"
L_0x5619dbc7af20 .functor AND 1, L_0x5619dbc7af90, L_0x5619dbc7b080, C4<1>, C4<1>;
v0x5619dbc51220_0 .net "i0", 0 0, L_0x5619dbc7af90;  1 drivers
v0x5619dbc51300_0 .net "i1", 0 0, L_0x5619dbc7b080;  1 drivers
v0x5619dbc513c0_0 .net "o2", 0 0, L_0x5619dbc7af20;  1 drivers
S_0x5619dbc51510 .scope module, "and2_g6" "and2" 4 77, 2 5 0, S_0x5619dbc4f410;
 .timescale 0 0;
    .port_info 0 /INPUT 1 "i0"
    .port_info 1 /INPUT 1 "i1"
    .port_info 2 /OUTPUT 1 "o2"
L_0x5619dbc7bfb0 .functor AND 1, L_0x5619dbc7c020, L_0x5619dbc7c2a0, C4<1>, C4<1>;
v0x5619dbc51730_0 .net "i0", 0 0, L_0x5619dbc7c020;  1 drivers
v0x5619dbc51810_0 .net "i1", 0 0, L_0x5619dbc7c2a0;  1 drivers
v0x5619dbc518d0_0 .net "o2", 0 0, L_0x5619dbc7bfb0;  1 drivers
S_0x5619dbc51a20 .scope module, "and2_g7" "and2" 4 82, 2 5 0, S_0x5619dbc4f410;
 .timescale 0 0;
    .port_info 0 /INPUT 1 "i0"
    .port_info 1 /INPUT 1 "i1"
    .port_info 2 /OUTPUT 1 "o2"
L_0x5619dbc7ce90 .functor AND 1, L_0x5619dbc7cf00, L_0x5619dbc7d1b0, C4<1>, C4<1>;
v0x5619dbc51c40_0 .net "i0", 0 0, L_0x5619dbc7cf00;  1 drivers
v0x5619dbc51d20_0 .net "i1", 0 0, L_0x5619dbc7d1b0;  1 drivers
v0x5619dbc51de0_0 .net "o2", 0 0, L_0x5619dbc7ce90;  1 drivers
S_0x5619dbc51f30 .scope module, "and_or_cg1_1" "and_or2" 4 55, 4 1 0, S_0x5619dbc4f410;
 .timescale 0 0;
    .port_info 0 /INPUT 1 "a"
    .port_info 1 /INPUT 1 "b"
    .port_info 2 /INPUT 1 "c"
    .port_info 3 /INPUT 1 "x"
    .port_info 4 /INPUT 1 "y"
    .port_info 5 /OUTPUT 1 "d"
    .port_info 6 /OUTPUT 1 "e"
v0x5619dbc53140_0 .net "a", 0 0, L_0x5619dbc78590;  1 drivers
v0x5619dbc53210_0 .net "b", 0 0, L_0x5619dbc78680;  1 drivers
v0x5619dbc532e0_0 .net "c", 0 0, L_0x5619dbc787e0;  1 drivers
v0x5619dbc533e0_0 .net "d", 0 0, L_0x5619dbc782e0;  1 drivers
v0x5619dbc534b0_0 .net "e", 0 0, L_0x5619dbc78430;  1 drivers
v0x5619dbc535a0_0 .net "t", 0 0, L_0x5619dbc78220;  1 drivers
v0x5619dbc53690_0 .net "x", 0 0, L_0x5619dbc78880;  1 drivers
v0x5619dbc53730_0 .net "y", 0 0, L_0x5619dbc789a0;  1 drivers
S_0x5619dbc52240 .scope module, "and2_d" "and2" 4 2, 2 5 0, S_0x5619dbc51f30;
 .timescale 0 0;
    .port_info 0 /INPUT 1 "i0"
    .port_info 1 /INPUT 1 "i1"
    .port_info 2 /OUTPUT 1 "o2"
L_0x5619dbc78220 .functor AND 1, L_0x5619dbc78590, L_0x5619dbc78680, C4<1>, C4<1>;
v0x5619dbc52430_0 .net "i0", 0 0, L_0x5619dbc78590;  alias, 1 drivers
v0x5619dbc52510_0 .net "i1", 0 0, L_0x5619dbc78680;  alias, 1 drivers
v0x5619dbc525d0_0 .net "o2", 0 0, L_0x5619dbc78220;  alias, 1 drivers
S_0x5619dbc52720 .scope module, "and2_e" "and2" 4 4, 2 5 0, S_0x5619dbc51f30;
 .timescale 0 0;
    .port_info 0 /INPUT 1 "i0"
    .port_info 1 /INPUT 1 "i1"
    .port_info 2 /OUTPUT 1 "o2"
L_0x5619dbc78430 .functor AND 1, L_0x5619dbc78880, L_0x5619dbc789a0, C4<1>, C4<1>;
v0x5619dbc52940_0 .net "i0", 0 0, L_0x5619dbc78880;  alias, 1 drivers
v0x5619dbc52a20_0 .net "i1", 0 0, L_0x5619dbc789a0;  alias, 1 drivers
v0x5619dbc52ae0_0 .net "o2", 0 0, L_0x5619dbc78430;  alias, 1 drivers
S_0x5619dbc52c30 .scope module, "or2_d" "or2" 4 3, 2 13 0, S_0x5619dbc51f30;
 .timescale 0 0;
    .port_info 0 /INPUT 1 "i0"
    .port_info 1 /INPUT 1 "i1"
    .port_info 2 /OUTPUT 1 "o3"
L_0x5619dbc782e0 .functor OR 1, L_0x5619dbc78220, L_0x5619dbc787e0, C4<0>, C4<0>;
v0x5619dbc52e80_0 .net "i0", 0 0, L_0x5619dbc78220;  alias, 1 drivers
v0x5619dbc52f50_0 .net "i1", 0 0, L_0x5619dbc787e0;  alias, 1 drivers
v0x5619dbc52ff0_0 .net "o3", 0 0, L_0x5619dbc782e0;  alias, 1 drivers
S_0x5619dbc53800 .scope module, "and_or_cg1_3" "and_or2" 4 64, 4 1 0, S_0x5619dbc4f410;
 .timescale 0 0;
    .port_info 0 /INPUT 1 "a"
    .port_info 1 /INPUT 1 "b"
    .port_info 2 /INPUT 1 "c"
    .port_info 3 /INPUT 1 "x"
    .port_info 4 /INPUT 1 "y"
    .port_info 5 /OUTPUT 1 "d"
    .port_info 6 /OUTPUT 1 "e"
v0x5619dbc549d0_0 .net "a", 0 0, L_0x5619dbc79c60;  1 drivers
v0x5619dbc54aa0_0 .net "b", 0 0, L_0x5619dbc79de0;  1 drivers
v0x5619dbc54b70_0 .net "c", 0 0, L_0x5619dbc79e80;  1 drivers
v0x5619dbc54c70_0 .net "d", 0 0, L_0x5619dbc79a40;  1 drivers
v0x5619dbc54d40_0 .net "e", 0 0, L_0x5619dbc79b00;  1 drivers
v0x5619dbc54e30_0 .net "t", 0 0, L_0x5619dbc79930;  1 drivers
v0x5619dbc54f20_0 .net "x", 0 0, L_0x5619dbc7a010;  1 drivers
v0x5619dbc54fc0_0 .net "y", 0 0, L_0x5619dbc7a0b0;  1 drivers
S_0x5619dbc53a80 .scope module, "and2_d" "and2" 4 2, 2 5 0, S_0x5619dbc53800;
 .timescale 0 0;
    .port_info 0 /INPUT 1 "i0"
    .port_info 1 /INPUT 1 "i1"
    .port_info 2 /OUTPUT 1 "o2"
L_0x5619dbc79930 .functor AND 1, L_0x5619dbc79c60, L_0x5619dbc79de0, C4<1>, C4<1>;
v0x5619dbc53cc0_0 .net "i0", 0 0, L_0x5619dbc79c60;  alias, 1 drivers
v0x5619dbc53da0_0 .net "i1", 0 0, L_0x5619dbc79de0;  alias, 1 drivers
v0x5619dbc53e60_0 .net "o2", 0 0, L_0x5619dbc79930;  alias, 1 drivers
S_0x5619dbc53fb0 .scope module, "and2_e" "and2" 4 4, 2 5 0, S_0x5619dbc53800;
 .timescale 0 0;
    .port_info 0 /INPUT 1 "i0"
    .port_info 1 /INPUT 1 "i1"
    .port_info 2 /OUTPUT 1 "o2"
L_0x5619dbc79b00 .functor AND 1, L_0x5619dbc7a010, L_0x5619dbc7a0b0, C4<1>, C4<1>;
v0x5619dbc541d0_0 .net "i0", 0 0, L_0x5619dbc7a010;  alias, 1 drivers
v0x5619dbc542b0_0 .net "i1", 0 0, L_0x5619dbc7a0b0;  alias, 1 drivers
v0x5619dbc54370_0 .net "o2", 0 0, L_0x5619dbc79b00;  alias, 1 drivers
S_0x5619dbc544c0 .scope module, "or2_d" "or2" 4 3, 2 13 0, S_0x5619dbc53800;
 .timescale 0 0;
    .port_info 0 /INPUT 1 "i0"
    .port_info 1 /INPUT 1 "i1"
    .port_info 2 /OUTPUT 1 "o3"
L_0x5619dbc79a40 .functor OR 1, L_0x5619dbc79930, L_0x5619dbc79e80, C4<0>, C4<0>;
v0x5619dbc54710_0 .net "i0", 0 0, L_0x5619dbc79930;  alias, 1 drivers
v0x5619dbc547e0_0 .net "i1", 0 0, L_0x5619dbc79e80;  alias, 1 drivers
v0x5619dbc54880_0 .net "o3", 0 0, L_0x5619dbc79a40;  alias, 1 drivers
S_0x5619dbc55090 .scope module, "and_or_cg1_5" "and_or2" 4 74, 4 1 0, S_0x5619dbc4f410;
 .timescale 0 0;
    .port_info 0 /INPUT 1 "a"
    .port_info 1 /INPUT 1 "b"
    .port_info 2 /INPUT 1 "c"
    .port_info 3 /INPUT 1 "x"
    .port_info 4 /INPUT 1 "y"
    .port_info 5 /OUTPUT 1 "d"
    .port_info 6 /OUTPUT 1 "e"
v0x5619dbc56260_0 .net "a", 0 0, L_0x5619dbc7b5f0;  1 drivers
v0x5619dbc56330_0 .net "b", 0 0, L_0x5619dbc7b690;  1 drivers
v0x5619dbc56400_0 .net "c", 0 0, L_0x5619dbc7b890;  1 drivers
v0x5619dbc56500_0 .net "d", 0 0, L_0x5619dbc7b3d0;  1 drivers
v0x5619dbc565d0_0 .net "e", 0 0, L_0x5619dbc7b490;  1 drivers
v0x5619dbc566c0_0 .net "t", 0 0, L_0x5619dbc7b2c0;  1 drivers
v0x5619dbc567b0_0 .net "x", 0 0, L_0x5619dbc7b930;  1 drivers
v0x5619dbc56850_0 .net "y", 0 0, L_0x5619dbc7bb40;  1 drivers
S_0x5619dbc55310 .scope module, "and2_d" "and2" 4 2, 2 5 0, S_0x5619dbc55090;
 .timescale 0 0;
    .port_info 0 /INPUT 1 "i0"
    .port_info 1 /INPUT 1 "i1"
    .port_info 2 /OUTPUT 1 "o2"
L_0x5619dbc7b2c0 .functor AND 1, L_0x5619dbc7b5f0, L_0x5619dbc7b690, C4<1>, C4<1>;
v0x5619dbc55550_0 .net "i0", 0 0, L_0x5619dbc7b5f0;  alias, 1 drivers
v0x5619dbc55630_0 .net "i1", 0 0, L_0x5619dbc7b690;  alias, 1 drivers
v0x5619dbc556f0_0 .net "o2", 0 0, L_0x5619dbc7b2c0;  alias, 1 drivers
S_0x5619dbc55840 .scope module, "and2_e" "and2" 4 4, 2 5 0, S_0x5619dbc55090;
 .timescale 0 0;
    .port_info 0 /INPUT 1 "i0"
    .port_info 1 /INPUT 1 "i1"
    .port_info 2 /OUTPUT 1 "o2"
L_0x5619dbc7b490 .functor AND 1, L_0x5619dbc7b930, L_0x5619dbc7bb40, C4<1>, C4<1>;
v0x5619dbc55a60_0 .net "i0", 0 0, L_0x5619dbc7b930;  alias, 1 drivers
v0x5619dbc55b40_0 .net "i1", 0 0, L_0x5619dbc7bb40;  alias, 1 drivers
v0x5619dbc55c00_0 .net "o2", 0 0, L_0x5619dbc7b490;  alias, 1 drivers
S_0x5619dbc55d50 .scope module, "or2_d" "or2" 4 3, 2 13 0, S_0x5619dbc55090;
 .timescale 0 0;
    .port_info 0 /INPUT 1 "i0"
    .port_info 1 /INPUT 1 "i1"
    .port_info 2 /OUTPUT 1 "o3"
L_0x5619dbc7b3d0 .functor OR 1, L_0x5619dbc7b2c0, L_0x5619dbc7b890, C4<0>, C4<0>;
v0x5619dbc55fa0_0 .net "i0", 0 0, L_0x5619dbc7b2c0;  alias, 1 drivers
v0x5619dbc56070_0 .net "i1", 0 0, L_0x5619dbc7b890;  alias, 1 drivers
v0x5619dbc56110_0 .net "o3", 0 0, L_0x5619dbc7b3d0;  alias, 1 drivers
S_0x5619dbc56920 .scope module, "and_or_cg1_7" "and_or2" 4 83, 4 1 0, S_0x5619dbc4f410;
 .timescale 0 0;
    .port_info 0 /INPUT 1 "a"
    .port_info 1 /INPUT 1 "b"
    .port_info 2 /INPUT 1 "c"
    .port_info 3 /INPUT 1 "x"
    .port_info 4 /INPUT 1 "y"
    .port_info 5 /OUTPUT 1 "d"
    .port_info 6 /OUTPUT 1 "e"
v0x5619dbc57af0_0 .net "a", 0 0, L_0x5619dbc7d5d0;  1 drivers
v0x5619dbc57bc0_0 .net "b", 0 0, L_0x5619dbc7d840;  1 drivers
v0x5619dbc57c90_0 .net "c", 0 0, L_0x5619dbc7d8e0;  1 drivers
v0x5619dbc57d90_0 .net "d", 0 0, L_0x5619dbc7d3b0;  1 drivers
v0x5619dbc57e60_0 .net "e", 0 0, L_0x5619dbc7d470;  1 drivers
v0x5619dbc57f50_0 .net "t", 0 0, L_0x5619dbc7d2a0;  1 drivers
v0x5619dbc58040_0 .net "x", 0 0, L_0x5619dbc7db60;  1 drivers
v0x5619dbc580e0_0 .net "y", 0 0, L_0x5619dbc7dc00;  1 drivers
S_0x5619dbc56ba0 .scope module, "and2_d" "and2" 4 2, 2 5 0, S_0x5619dbc56920;
 .timescale 0 0;
    .port_info 0 /INPUT 1 "i0"
    .port_info 1 /INPUT 1 "i1"
    .port_info 2 /OUTPUT 1 "o2"
L_0x5619dbc7d2a0 .functor AND 1, L_0x5619dbc7d5d0, L_0x5619dbc7d840, C4<1>, C4<1>;
v0x5619dbc56de0_0 .net "i0", 0 0, L_0x5619dbc7d5d0;  alias, 1 drivers
v0x5619dbc56ec0_0 .net "i1", 0 0, L_0x5619dbc7d840;  alias, 1 drivers
v0x5619dbc56f80_0 .net "o2", 0 0, L_0x5619dbc7d2a0;  alias, 1 drivers
S_0x5619dbc570d0 .scope module, "and2_e" "and2" 4 4, 2 5 0, S_0x5619dbc56920;
 .timescale 0 0;
    .port_info 0 /INPUT 1 "i0"
    .port_info 1 /INPUT 1 "i1"
    .port_info 2 /OUTPUT 1 "o2"
L_0x5619dbc7d470 .functor AND 1, L_0x5619dbc7db60, L_0x5619dbc7dc00, C4<1>, C4<1>;
v0x5619dbc572f0_0 .net "i0", 0 0, L_0x5619dbc7db60;  alias, 1 drivers
v0x5619dbc573d0_0 .net "i1", 0 0, L_0x5619dbc7dc00;  alias, 1 drivers
v0x5619dbc57490_0 .net "o2", 0 0, L_0x5619dbc7d470;  alias, 1 drivers
S_0x5619dbc575e0 .scope module, "or2_d" "or2" 4 3, 2 13 0, S_0x5619dbc56920;
 .timescale 0 0;
    .port_info 0 /INPUT 1 "i0"
    .port_info 1 /INPUT 1 "i1"
    .port_info 2 /OUTPUT 1 "o3"
L_0x5619dbc7d3b0 .functor OR 1, L_0x5619dbc7d2a0, L_0x5619dbc7d8e0, C4<0>, C4<0>;
v0x5619dbc57830_0 .net "i0", 0 0, L_0x5619dbc7d2a0;  alias, 1 drivers
v0x5619dbc57900_0 .net "i1", 0 0, L_0x5619dbc7d8e0;  alias, 1 drivers
v0x5619dbc579a0_0 .net "o3", 0 0, L_0x5619dbc7d3b0;  alias, 1 drivers
S_0x5619dbc581b0 .scope module, "and_or_cg2_11" "and_or2" 4 97, 4 1 0, S_0x5619dbc4f410;
 .timescale 0 0;
    .port_info 0 /INPUT 1 "a"
    .port_info 1 /INPUT 1 "b"
    .port_info 2 /INPUT 1 "c"
    .port_info 3 /INPUT 1 "x"
    .port_info 4 /INPUT 1 "y"
    .port_info 5 /OUTPUT 1 "d"
    .port_info 6 /OUTPUT 1 "e"
v0x5619dbc59380_0 .net "a", 0 0, L_0x5619dbc82510;  1 drivers
v0x5619dbc59450_0 .net "b", 0 0, L_0x5619dbc825b0;  1 drivers
v0x5619dbc59520_0 .net "c", 0 0, L_0x5619dbc82910;  1 drivers
v0x5619dbc59620_0 .net "d", 0 0, L_0x5619dbc82280;  alias, 1 drivers
v0x5619dbc596f0_0 .net "e", 0 0, L_0x5619dbc823c0;  alias, 1 drivers
v0x5619dbc597e0_0 .net "t", 0 0, L_0x5619dbc82180;  1 drivers
v0x5619dbc598d0_0 .net "x", 0 0, L_0x5619dbc829b0;  1 drivers
v0x5619dbc59970_0 .net "y", 0 0, L_0x5619dbc82d20;  1 drivers
S_0x5619dbc58430 .scope module, "and2_d" "and2" 4 2, 2 5 0, S_0x5619dbc581b0;
 .timescale 0 0;
    .port_info 0 /INPUT 1 "i0"
    .port_info 1 /INPUT 1 "i1"
    .port_info 2 /OUTPUT 1 "o2"
L_0x5619dbc82180 .functor AND 1, L_0x5619dbc82510, L_0x5619dbc825b0, C4<1>, C4<1>;
v0x5619dbc58670_0 .net "i0", 0 0, L_0x5619dbc82510;  alias, 1 drivers
v0x5619dbc58750_0 .net "i1", 0 0, L_0x5619dbc825b0;  alias, 1 drivers
v0x5619dbc58810_0 .net "o2", 0 0, L_0x5619dbc82180;  alias, 1 drivers
S_0x5619dbc58960 .scope module, "and2_e" "and2" 4 4, 2 5 0, S_0x5619dbc581b0;
 .timescale 0 0;
    .port_info 0 /INPUT 1 "i0"
    .port_info 1 /INPUT 1 "i1"
    .port_info 2 /OUTPUT 1 "o2"
L_0x5619dbc823c0 .functor AND 1, L_0x5619dbc829b0, L_0x5619dbc82d20, C4<1>, C4<1>;
v0x5619dbc58b80_0 .net "i0", 0 0, L_0x5619dbc829b0;  alias, 1 drivers
v0x5619dbc58c60_0 .net "i1", 0 0, L_0x5619dbc82d20;  alias, 1 drivers
v0x5619dbc58d20_0 .net "o2", 0 0, L_0x5619dbc823c0;  alias, 1 drivers
S_0x5619dbc58e70 .scope module, "or2_d" "or2" 4 3, 2 13 0, S_0x5619dbc581b0;
 .timescale 0 0;
    .port_info 0 /INPUT 1 "i0"
    .port_info 1 /INPUT 1 "i1"
    .port_info 2 /OUTPUT 1 "o3"
L_0x5619dbc82280 .functor OR 1, L_0x5619dbc82180, L_0x5619dbc82910, C4<0>, C4<0>;
v0x5619dbc590c0_0 .net "i0", 0 0, L_0x5619dbc82180;  alias, 1 drivers
v0x5619dbc59190_0 .net "i1", 0 0, L_0x5619dbc82910;  alias, 1 drivers
v0x5619dbc59230_0 .net "o3", 0 0, L_0x5619dbc82280;  alias, 1 drivers
S_0x5619dbc59a80 .scope module, "and_or_cg2_15" "and_or2" 4 99, 4 1 0, S_0x5619dbc4f410;
 .timescale 0 0;
    .port_info 0 /INPUT 1 "a"
    .port_info 1 /INPUT 1 "b"
    .port_info 2 /INPUT 1 "c"
    .port_info 3 /INPUT 1 "x"
    .port_info 4 /INPUT 1 "y"
    .port_info 5 /OUTPUT 1 "d"
    .port_info 6 /OUTPUT 1 "e"
v0x5619dbc5ac50_0 .net "a", 0 0, L_0x5619dbc831a0;  1 drivers
v0x5619dbc5ad20_0 .net "b", 0 0, L_0x5619dbc83520;  1 drivers
v0x5619dbc5adf0_0 .net "c", 0 0, L_0x5619dbc835c0;  1 drivers
v0x5619dbc5aef0_0 .net "d", 0 0, L_0x5619dbc82f10;  alias, 1 drivers
v0x5619dbc5afc0_0 .net "e", 0 0, L_0x5619dbc83050;  alias, 1 drivers
v0x5619dbc5b0b0_0 .net "t", 0 0, L_0x5619dbc82dc0;  1 drivers
v0x5619dbc5b1a0_0 .net "x", 0 0, L_0x5619dbc83950;  1 drivers
v0x5619dbc5b240_0 .net "y", 0 0, L_0x5619dbc839f0;  1 drivers
S_0x5619dbc59d00 .scope module, "and2_d" "and2" 4 2, 2 5 0, S_0x5619dbc59a80;
 .timescale 0 0;
    .port_info 0 /INPUT 1 "i0"
    .port_info 1 /INPUT 1 "i1"
    .port_info 2 /OUTPUT 1 "o2"
L_0x5619dbc82dc0 .functor AND 1, L_0x5619dbc831a0, L_0x5619dbc83520, C4<1>, C4<1>;
v0x5619dbc59f40_0 .net "i0", 0 0, L_0x5619dbc831a0;  alias, 1 drivers
v0x5619dbc5a020_0 .net "i1", 0 0, L_0x5619dbc83520;  alias, 1 drivers
v0x5619dbc5a0e0_0 .net "o2", 0 0, L_0x5619dbc82dc0;  alias, 1 drivers
S_0x5619dbc5a230 .scope module, "and2_e" "and2" 4 4, 2 5 0, S_0x5619dbc59a80;
 .timescale 0 0;
    .port_info 0 /INPUT 1 "i0"
    .port_info 1 /INPUT 1 "i1"
    .port_info 2 /OUTPUT 1 "o2"
L_0x5619dbc83050 .functor AND 1, L_0x5619dbc83950, L_0x5619dbc839f0, C4<1>, C4<1>;
v0x5619dbc5a450_0 .net "i0", 0 0, L_0x5619dbc83950;  alias, 1 drivers
v0x5619dbc5a530_0 .net "i1", 0 0, L_0x5619dbc839f0;  alias, 1 drivers
v0x5619dbc5a5f0_0 .net "o2", 0 0, L_0x5619dbc83050;  alias, 1 drivers
S_0x5619dbc5a740 .scope module, "or2_d" "or2" 4 3, 2 13 0, S_0x5619dbc59a80;
 .timescale 0 0;
    .port_info 0 /INPUT 1 "i0"
    .port_info 1 /INPUT 1 "i1"
    .port_info 2 /OUTPUT 1 "o3"
L_0x5619dbc82f10 .functor OR 1, L_0x5619dbc82dc0, L_0x5619dbc835c0, C4<0>, C4<0>;
v0x5619dbc5a990_0 .net "i0", 0 0, L_0x5619dbc82dc0;  alias, 1 drivers
v0x5619dbc5aa60_0 .net "i1", 0 0, L_0x5619dbc835c0;  alias, 1 drivers
v0x5619dbc5ab00_0 .net "o3", 0 0, L_0x5619dbc82f10;  alias, 1 drivers
S_0x5619dbc5b350 .scope module, "and_or_cg2_2" "and_or2" 4 85, 4 1 0, S_0x5619dbc4f410;
 .timescale 0 0;
    .port_info 0 /INPUT 1 "a"
    .port_info 1 /INPUT 1 "b"
    .port_info 2 /INPUT 1 "c"
    .port_info 3 /INPUT 1 "x"
    .port_info 4 /INPUT 1 "y"
    .port_info 5 /OUTPUT 1 "d"
    .port_info 6 /OUTPUT 1 "e"
v0x5619dbc5c520_0 .net "a", 0 0, L_0x5619dbc7e180;  1 drivers
v0x5619dbc5c5f0_0 .net "b", 0 0, L_0x5619dbc7e220;  1 drivers
v0x5619dbc5c6c0_0 .net "c", 0 0, L_0x5619dbc7e4c0;  1 drivers
v0x5619dbc5c7c0_0 .net "d", 0 0, L_0x5619dbc7dfa0;  alias, 1 drivers
v0x5619dbc5c890_0 .net "e", 0 0, L_0x5619dbc7e0a0;  alias, 1 drivers
v0x5619dbc5c980_0 .net "t", 0 0, L_0x5619dbc7de90;  1 drivers
v0x5619dbc5ca70_0 .net "x", 0 0, L_0x5619dbc7e5b0;  1 drivers
v0x5619dbc5cb10_0 .net "y", 0 0, L_0x5619dbc7e8b0;  1 drivers
S_0x5619dbc5b5d0 .scope module, "and2_d" "and2" 4 2, 2 5 0, S_0x5619dbc5b350;
 .timescale 0 0;
    .port_info 0 /INPUT 1 "i0"
    .port_info 1 /INPUT 1 "i1"
    .port_info 2 /OUTPUT 1 "o2"
L_0x5619dbc7de90 .functor AND 1, L_0x5619dbc7e180, L_0x5619dbc7e220, C4<1>, C4<1>;
v0x5619dbc5b810_0 .net "i0", 0 0, L_0x5619dbc7e180;  alias, 1 drivers
v0x5619dbc5b8f0_0 .net "i1", 0 0, L_0x5619dbc7e220;  alias, 1 drivers
v0x5619dbc5b9b0_0 .net "o2", 0 0, L_0x5619dbc7de90;  alias, 1 drivers
S_0x5619dbc5bb00 .scope module, "and2_e" "and2" 4 4, 2 5 0, S_0x5619dbc5b350;
 .timescale 0 0;
    .port_info 0 /INPUT 1 "i0"
    .port_info 1 /INPUT 1 "i1"
    .port_info 2 /OUTPUT 1 "o2"
L_0x5619dbc7e0a0 .functor AND 1, L_0x5619dbc7e5b0, L_0x5619dbc7e8b0, C4<1>, C4<1>;
v0x5619dbc5bd20_0 .net "i0", 0 0, L_0x5619dbc7e5b0;  alias, 1 drivers
v0x5619dbc5be00_0 .net "i1", 0 0, L_0x5619dbc7e8b0;  alias, 1 drivers
v0x5619dbc5bec0_0 .net "o2", 0 0, L_0x5619dbc7e0a0;  alias, 1 drivers
S_0x5619dbc5c010 .scope module, "or2_d" "or2" 4 3, 2 13 0, S_0x5619dbc5b350;
 .timescale 0 0;
    .port_info 0 /INPUT 1 "i0"
    .port_info 1 /INPUT 1 "i1"
    .port_info 2 /OUTPUT 1 "o3"
L_0x5619dbc7dfa0 .functor OR 1, L_0x5619dbc7de90, L_0x5619dbc7e4c0, C4<0>, C4<0>;
v0x5619dbc5c260_0 .net "i0", 0 0, L_0x5619dbc7de90;  alias, 1 drivers
v0x5619dbc5c330_0 .net "i1", 0 0, L_0x5619dbc7e4c0;  alias, 1 drivers
v0x5619dbc5c3d0_0 .net "o3", 0 0, L_0x5619dbc7dfa0;  alias, 1 drivers
S_0x5619dbc5cc20 .scope module, "and_or_cg2_3" "and_or2" 4 86, 4 1 0, S_0x5619dbc4f410;
 .timescale 0 0;
    .port_info 0 /INPUT 1 "a"
    .port_info 1 /INPUT 1 "b"
    .port_info 2 /INPUT 1 "c"
    .port_info 3 /INPUT 1 "x"
    .port_info 4 /INPUT 1 "y"
    .port_info 5 /OUTPUT 1 "d"
    .port_info 6 /OUTPUT 1 "e"
v0x5619dbc5ddf0_0 .net "a", 0 0, L_0x5619dbc7ecf0;  1 drivers
v0x5619dbc5dec0_0 .net "b", 0 0, L_0x5619dbc7f040;  1 drivers
v0x5619dbc5df90_0 .net "c", 0 0, L_0x5619dbc7f0e0;  1 drivers
v0x5619dbc5e090_0 .net "d", 0 0, L_0x5619dbc7ea60;  alias, 1 drivers
v0x5619dbc5e160_0 .net "e", 0 0, L_0x5619dbc7eba0;  alias, 1 drivers
v0x5619dbc5e250_0 .net "t", 0 0, L_0x5619dbc7e950;  1 drivers
v0x5619dbc5e340_0 .net "x", 0 0, L_0x5619dbc7f440;  1 drivers
v0x5619dbc5e3e0_0 .net "y", 0 0, L_0x5619dbc7f4e0;  1 drivers
S_0x5619dbc5cea0 .scope module, "and2_d" "and2" 4 2, 2 5 0, S_0x5619dbc5cc20;
 .timescale 0 0;
    .port_info 0 /INPUT 1 "i0"
    .port_info 1 /INPUT 1 "i1"
    .port_info 2 /OUTPUT 1 "o2"
L_0x5619dbc7e950 .functor AND 1, L_0x5619dbc7ecf0, L_0x5619dbc7f040, C4<1>, C4<1>;
v0x5619dbc5d0e0_0 .net "i0", 0 0, L_0x5619dbc7ecf0;  alias, 1 drivers
v0x5619dbc5d1c0_0 .net "i1", 0 0, L_0x5619dbc7f040;  alias, 1 drivers
v0x5619dbc5d280_0 .net "o2", 0 0, L_0x5619dbc7e950;  alias, 1 drivers
S_0x5619dbc5d3d0 .scope module, "and2_e" "and2" 4 4, 2 5 0, S_0x5619dbc5cc20;
 .timescale 0 0;
    .port_info 0 /INPUT 1 "i0"
    .port_info 1 /INPUT 1 "i1"
    .port_info 2 /OUTPUT 1 "o2"
L_0x5619dbc7eba0 .functor AND 1, L_0x5619dbc7f440, L_0x5619dbc7f4e0, C4<1>, C4<1>;
v0x5619dbc5d5f0_0 .net "i0", 0 0, L_0x5619dbc7f440;  alias, 1 drivers
v0x5619dbc5d6d0_0 .net "i1", 0 0, L_0x5619dbc7f4e0;  alias, 1 drivers
v0x5619dbc5d790_0 .net "o2", 0 0, L_0x5619dbc7eba0;  alias, 1 drivers
S_0x5619dbc5d8e0 .scope module, "or2_d" "or2" 4 3, 2 13 0, S_0x5619dbc5cc20;
 .timescale 0 0;
    .port_info 0 /INPUT 1 "i0"
    .port_info 1 /INPUT 1 "i1"
    .port_info 2 /OUTPUT 1 "o3"
L_0x5619dbc7ea60 .functor OR 1, L_0x5619dbc7e950, L_0x5619dbc7f0e0, C4<0>, C4<0>;
v0x5619dbc5db30_0 .net "i0", 0 0, L_0x5619dbc7e950;  alias, 1 drivers
v0x5619dbc5dc00_0 .net "i1", 0 0, L_0x5619dbc7f0e0;  alias, 1 drivers
v0x5619dbc5dca0_0 .net "o3", 0 0, L_0x5619dbc7ea60;  alias, 1 drivers
S_0x5619dbc5e4f0 .scope module, "and_or_cg2_7" "and_or2" 4 88, 4 1 0, S_0x5619dbc4f410;
 .timescale 0 0;
    .port_info 0 /INPUT 1 "a"
    .port_info 1 /INPUT 1 "b"
    .port_info 2 /INPUT 1 "c"
    .port_info 3 /INPUT 1 "x"
    .port_info 4 /INPUT 1 "y"
    .port_info 5 /OUTPUT 1 "d"
    .port_info 6 /OUTPUT 1 "e"
v0x5619dbc5f6c0_0 .net "a", 0 0, L_0x5619dbc7fb00;  1 drivers
v0x5619dbc5f790_0 .net "b", 0 0, L_0x5619dbc7fba0;  1 drivers
v0x5619dbc5f860_0 .net "c", 0 0, L_0x5619dbc7fe90;  1 drivers
v0x5619dbc5f960_0 .net "d", 0 0, L_0x5619dbc7f870;  alias, 1 drivers
v0x5619dbc5fa30_0 .net "e", 0 0, L_0x5619dbc7f9b0;  alias, 1 drivers
v0x5619dbc5fb20_0 .net "t", 0 0, L_0x5619dbc7f7c0;  1 drivers
v0x5619dbc5fc10_0 .net "x", 0 0, L_0x5619dbc7ff30;  1 drivers
v0x5619dbc5fcb0_0 .net "y", 0 0, L_0x5619dbc80230;  1 drivers
S_0x5619dbc5e770 .scope module, "and2_d" "and2" 4 2, 2 5 0, S_0x5619dbc5e4f0;
 .timescale 0 0;
    .port_info 0 /INPUT 1 "i0"
    .port_info 1 /INPUT 1 "i1"
    .port_info 2 /OUTPUT 1 "o2"
L_0x5619dbc7f7c0 .functor AND 1, L_0x5619dbc7fb00, L_0x5619dbc7fba0, C4<1>, C4<1>;
v0x5619dbc5e9b0_0 .net "i0", 0 0, L_0x5619dbc7fb00;  alias, 1 drivers
v0x5619dbc5ea90_0 .net "i1", 0 0, L_0x5619dbc7fba0;  alias, 1 drivers
v0x5619dbc5eb50_0 .net "o2", 0 0, L_0x5619dbc7f7c0;  alias, 1 drivers
S_0x5619dbc5eca0 .scope module, "and2_e" "and2" 4 4, 2 5 0, S_0x5619dbc5e4f0;
 .timescale 0 0;
    .port_info 0 /INPUT 1 "i0"
    .port_info 1 /INPUT 1 "i1"
    .port_info 2 /OUTPUT 1 "o2"
L_0x5619dbc7f9b0 .functor AND 1, L_0x5619dbc7ff30, L_0x5619dbc80230, C4<1>, C4<1>;
v0x5619dbc5eec0_0 .net "i0", 0 0, L_0x5619dbc7ff30;  alias, 1 drivers
v0x5619dbc5efa0_0 .net "i1", 0 0, L_0x5619dbc80230;  alias, 1 drivers
v0x5619dbc5f060_0 .net "o2", 0 0, L_0x5619dbc7f9b0;  alias, 1 drivers
S_0x5619dbc5f1b0 .scope module, "or2_d" "or2" 4 3, 2 13 0, S_0x5619dbc5e4f0;
 .timescale 0 0;
    .port_info 0 /INPUT 1 "i0"
    .port_info 1 /INPUT 1 "i1"
    .port_info 2 /OUTPUT 1 "o3"
L_0x5619dbc7f870 .functor OR 1, L_0x5619dbc7f7c0, L_0x5619dbc7fe90, C4<0>, C4<0>;
v0x5619dbc5f400_0 .net "i0", 0 0, L_0x5619dbc7f7c0;  alias, 1 drivers
v0x5619dbc5f4d0_0 .net "i1", 0 0, L_0x5619dbc7fe90;  alias, 1 drivers
v0x5619dbc5f570_0 .net "o3", 0 0, L_0x5619dbc7f870;  alias, 1 drivers
S_0x5619dbc5fdc0 .scope module, "and_or_cg3_15" "and_or2" 4 101, 4 1 0, S_0x5619dbc4f410;
 .timescale 0 0;
    .port_info 0 /INPUT 1 "a"
    .port_info 1 /INPUT 1 "b"
    .port_info 2 /INPUT 1 "c"
    .port_info 3 /INPUT 1 "x"
    .port_info 4 /INPUT 1 "y"
    .port_info 5 /OUTPUT 1 "d"
    .port_info 6 /OUTPUT 1 "e"
v0x5619dbc60f70_0 .net "a", 0 0, L_0x5619dbc83050;  alias, 1 drivers
v0x5619dbc61010_0 .net "b", 0 0, L_0x5619dbc82280;  alias, 1 drivers
v0x5619dbc610d0_0 .net "c", 0 0, L_0x5619dbc82f10;  alias, 1 drivers
v0x5619dbc611a0_0 .net "d", 0 0, L_0x5619dbc83f50;  alias, 1 drivers
v0x5619dbc61270_0 .net "e", 0 0, L_0x5619dbc84000;  alias, 1 drivers
v0x5619dbc61310_0 .net "t", 0 0, L_0x5619dbc83d90;  1 drivers
v0x5619dbc61400_0 .net "x", 0 0, L_0x5619dbc83050;  alias, 1 drivers
v0x5619dbc614a0_0 .net "y", 0 0, L_0x5619dbc823c0;  alias, 1 drivers
S_0x5619dbc60040 .scope module, "and2_d" "and2" 4 2, 2 5 0, S_0x5619dbc5fdc0;
 .timescale 0 0;
    .port_info 0 /INPUT 1 "i0"
    .port_info 1 /INPUT 1 "i1"
    .port_info 2 /OUTPUT 1 "o2"
L_0x5619dbc83d90 .functor AND 1, L_0x5619dbc83050, L_0x5619dbc82280, C4<1>, C4<1>;
v0x5619dbc60280_0 .net "i0", 0 0, L_0x5619dbc83050;  alias, 1 drivers
v0x5619dbc60390_0 .net "i1", 0 0, L_0x5619dbc82280;  alias, 1 drivers
v0x5619dbc604a0_0 .net "o2", 0 0, L_0x5619dbc83d90;  alias, 1 drivers
S_0x5619dbc605a0 .scope module, "and2_e" "and2" 4 4, 2 5 0, S_0x5619dbc5fdc0;
 .timescale 0 0;
    .port_info 0 /INPUT 1 "i0"
    .port_info 1 /INPUT 1 "i1"
    .port_info 2 /OUTPUT 1 "o2"
L_0x5619dbc84000 .functor AND 1, L_0x5619dbc83050, L_0x5619dbc823c0, C4<1>, C4<1>;
v0x5619dbc607c0_0 .net "i0", 0 0, L_0x5619dbc83050;  alias, 1 drivers
v0x5619dbc60880_0 .net "i1", 0 0, L_0x5619dbc823c0;  alias, 1 drivers
v0x5619dbc60990_0 .net "o2", 0 0, L_0x5619dbc84000;  alias, 1 drivers
S_0x5619dbc60a90 .scope module, "or2_d" "or2" 4 3, 2 13 0, S_0x5619dbc5fdc0;
 .timescale 0 0;
    .port_info 0 /INPUT 1 "i0"
    .port_info 1 /INPUT 1 "i1"
    .port_info 2 /OUTPUT 1 "o3"
L_0x5619dbc83f50 .functor OR 1, L_0x5619dbc83d90, L_0x5619dbc82f10, C4<0>, C4<0>;
v0x5619dbc60cb0_0 .net "i0", 0 0, L_0x5619dbc83d90;  alias, 1 drivers
v0x5619dbc60d80_0 .net "i1", 0 0, L_0x5619dbc82f10;  alias, 1 drivers
v0x5619dbc60e70_0 .net "o3", 0 0, L_0x5619dbc83f50;  alias, 1 drivers
S_0x5619dbc615e0 .scope module, "and_or_cg3_4" "and_or2" 4 90, 4 1 0, S_0x5619dbc4f410;
 .timescale 0 0;
    .port_info 0 /INPUT 1 "a"
    .port_info 1 /INPUT 1 "b"
    .port_info 2 /INPUT 1 "c"
    .port_info 3 /INPUT 1 "x"
    .port_info 4 /INPUT 1 "y"
    .port_info 5 /OUTPUT 1 "d"
    .port_info 6 /OUTPUT 1 "e"
v0x5619dbc627a0_0 .net "a", 0 0, L_0x5619dbc805c0;  1 drivers
v0x5619dbc62870_0 .net "b", 0 0, L_0x5619dbc7ea60;  alias, 1 drivers
v0x5619dbc62910_0 .net "c", 0 0, L_0x5619dbc808d0;  1 drivers
v0x5619dbc62a10_0 .net "d", 0 0, L_0x5619dbc803d0;  alias, 1 drivers
v0x5619dbc62ae0_0 .net "e", 0 0, L_0x5619dbc80510;  alias, 1 drivers
v0x5619dbc62bd0_0 .net "t", 0 0, L_0x5619dbc802d0;  1 drivers
v0x5619dbc62cc0_0 .net "x", 0 0, L_0x5619dbc80970;  1 drivers
v0x5619dbc62d60_0 .net "y", 0 0, L_0x5619dbc7eba0;  alias, 1 drivers
S_0x5619dbc61860 .scope module, "and2_d" "and2" 4 2, 2 5 0, S_0x5619dbc615e0;
 .timescale 0 0;
    .port_info 0 /INPUT 1 "i0"
    .port_info 1 /INPUT 1 "i1"
    .port_info 2 /OUTPUT 1 "o2"
L_0x5619dbc802d0 .functor AND 1, L_0x5619dbc805c0, L_0x5619dbc7ea60, C4<1>, C4<1>;
v0x5619dbc61ac0_0 .net "i0", 0 0, L_0x5619dbc805c0;  alias, 1 drivers
v0x5619dbc61ba0_0 .net "i1", 0 0, L_0x5619dbc7ea60;  alias, 1 drivers
v0x5619dbc61cb0_0 .net "o2", 0 0, L_0x5619dbc802d0;  alias, 1 drivers
S_0x5619dbc61db0 .scope module, "and2_e" "and2" 4 4, 2 5 0, S_0x5619dbc615e0;
 .timescale 0 0;
    .port_info 0 /INPUT 1 "i0"
    .port_info 1 /INPUT 1 "i1"
    .port_info 2 /OUTPUT 1 "o2"
L_0x5619dbc80510 .functor AND 1, L_0x5619dbc80970, L_0x5619dbc7eba0, C4<1>, C4<1>;
v0x5619dbc61fd0_0 .net "i0", 0 0, L_0x5619dbc80970;  alias, 1 drivers
v0x5619dbc620b0_0 .net "i1", 0 0, L_0x5619dbc7eba0;  alias, 1 drivers
v0x5619dbc621c0_0 .net "o2", 0 0, L_0x5619dbc80510;  alias, 1 drivers
S_0x5619dbc622c0 .scope module, "or2_d" "or2" 4 3, 2 13 0, S_0x5619dbc615e0;
 .timescale 0 0;
    .port_info 0 /INPUT 1 "i0"
    .port_info 1 /INPUT 1 "i1"
    .port_info 2 /OUTPUT 1 "o3"
L_0x5619dbc803d0 .functor OR 1, L_0x5619dbc802d0, L_0x5619dbc808d0, C4<0>, C4<0>;
v0x5619dbc624e0_0 .net "i0", 0 0, L_0x5619dbc802d0;  alias, 1 drivers
v0x5619dbc625b0_0 .net "i1", 0 0, L_0x5619dbc808d0;  alias, 1 drivers
v0x5619dbc62650_0 .net "o3", 0 0, L_0x5619dbc803d0;  alias, 1 drivers
S_0x5619dbc62e60 .scope module, "and_or_cg3_5" "and_or2" 4 92, 4 1 0, S_0x5619dbc4f410;
 .timescale 0 0;
    .port_info 0 /INPUT 1 "a"
    .port_info 1 /INPUT 1 "b"
    .port_info 2 /INPUT 1 "c"
    .port_info 3 /INPUT 1 "x"
    .port_info 4 /INPUT 1 "y"
    .port_info 5 /OUTPUT 1 "d"
    .port_info 6 /OUTPUT 1 "e"
v0x5619dbc64090_0 .net "a", 0 0, L_0x5619dbc80fd0;  1 drivers
v0x5619dbc64160_0 .net "b", 0 0, L_0x5619dbc7ea60;  alias, 1 drivers
v0x5619dbc64200_0 .net "c", 0 0, L_0x5619dbc81070;  1 drivers
v0x5619dbc64300_0 .net "d", 0 0, L_0x5619dbc80d90;  alias, 1 drivers
v0x5619dbc643d0_0 .net "e", 0 0, L_0x5619dbc80ed0;  alias, 1 drivers
v0x5619dbc644c0_0 .net "t", 0 0, L_0x5619dbc80c90;  1 drivers
v0x5619dbc645b0_0 .net "x", 0 0, L_0x5619dbc813a0;  1 drivers
v0x5619dbc64650_0 .net "y", 0 0, L_0x5619dbc7eba0;  alias, 1 drivers
S_0x5619dbc630e0 .scope module, "and2_d" "and2" 4 2, 2 5 0, S_0x5619dbc62e60;
 .timescale 0 0;
    .port_info 0 /INPUT 1 "i0"
    .port_info 1 /INPUT 1 "i1"
    .port_info 2 /OUTPUT 1 "o2"
L_0x5619dbc80c90 .functor AND 1, L_0x5619dbc80fd0, L_0x5619dbc7ea60, C4<1>, C4<1>;
v0x5619dbc63340_0 .net "i0", 0 0, L_0x5619dbc80fd0;  alias, 1 drivers
v0x5619dbc63420_0 .net "i1", 0 0, L_0x5619dbc7ea60;  alias, 1 drivers
v0x5619dbc63570_0 .net "o2", 0 0, L_0x5619dbc80c90;  alias, 1 drivers
S_0x5619dbc636a0 .scope module, "and2_e" "and2" 4 4, 2 5 0, S_0x5619dbc62e60;
 .timescale 0 0;
    .port_info 0 /INPUT 1 "i0"
    .port_info 1 /INPUT 1 "i1"
    .port_info 2 /OUTPUT 1 "o2"
L_0x5619dbc80ed0 .functor AND 1, L_0x5619dbc813a0, L_0x5619dbc7eba0, C4<1>, C4<1>;
v0x5619dbc63870_0 .net "i0", 0 0, L_0x5619dbc813a0;  alias, 1 drivers
v0x5619dbc63950_0 .net "i1", 0 0, L_0x5619dbc7eba0;  alias, 1 drivers
v0x5619dbc63aa0_0 .net "o2", 0 0, L_0x5619dbc80ed0;  alias, 1 drivers
S_0x5619dbc63bd0 .scope module, "or2_d" "or2" 4 3, 2 13 0, S_0x5619dbc62e60;
 .timescale 0 0;
    .port_info 0 /INPUT 1 "i0"
    .port_info 1 /INPUT 1 "i1"
    .port_info 2 /OUTPUT 1 "o3"
L_0x5619dbc80d90 .functor OR 1, L_0x5619dbc80c90, L_0x5619dbc81070, C4<0>, C4<0>;
v0x5619dbc63dd0_0 .net "i0", 0 0, L_0x5619dbc80c90;  alias, 1 drivers
v0x5619dbc63ea0_0 .net "i1", 0 0, L_0x5619dbc81070;  alias, 1 drivers
v0x5619dbc63f40_0 .net "o3", 0 0, L_0x5619dbc80d90;  alias, 1 drivers
S_0x5619dbc64750 .scope module, "and_or_cg3_6" "and_or2" 4 94, 4 1 0, S_0x5619dbc4f410;
 .timescale 0 0;
    .port_info 0 /INPUT 1 "a"
    .port_info 1 /INPUT 1 "b"
    .port_info 2 /INPUT 1 "c"
    .port_info 3 /INPUT 1 "x"
    .port_info 4 /INPUT 1 "y"
    .port_info 5 /OUTPUT 1 "d"
    .port_info 6 /OUTPUT 1 "e"
v0x5619dbc65940_0 .net "a", 0 0, L_0x5619dbc81730;  1 drivers
v0x5619dbc65a10_0 .net "b", 0 0, L_0x5619dbc80d90;  alias, 1 drivers
v0x5619dbc65ab0_0 .net "c", 0 0, L_0x5619dbc81a70;  1 drivers
v0x5619dbc65bb0_0 .net "d", 0 0, L_0x5619dbc81540;  alias, 1 drivers
v0x5619dbc65c80_0 .net "e", 0 0, L_0x5619dbc81680;  alias, 1 drivers
v0x5619dbc65d70_0 .net "t", 0 0, L_0x5619dbc81440;  1 drivers
v0x5619dbc65e60_0 .net "x", 0 0, L_0x5619dbc81b10;  1 drivers
v0x5619dbc65f00_0 .net "y", 0 0, L_0x5619dbc80ed0;  alias, 1 drivers
S_0x5619dbc649d0 .scope module, "and2_d" "and2" 4 2, 2 5 0, S_0x5619dbc64750;
 .timescale 0 0;
    .port_info 0 /INPUT 1 "i0"
    .port_info 1 /INPUT 1 "i1"
    .port_info 2 /OUTPUT 1 "o2"
L_0x5619dbc81440 .functor AND 1, L_0x5619dbc81730, L_0x5619dbc80d90, C4<1>, C4<1>;
v0x5619dbc64c30_0 .net "i0", 0 0, L_0x5619dbc81730;  alias, 1 drivers
v0x5619dbc64d10_0 .net "i1", 0 0, L_0x5619dbc80d90;  alias, 1 drivers
v0x5619dbc64e20_0 .net "o2", 0 0, L_0x5619dbc81440;  alias, 1 drivers
S_0x5619dbc64f20 .scope module, "and2_e" "and2" 4 4, 2 5 0, S_0x5619dbc64750;
 .timescale 0 0;
    .port_info 0 /INPUT 1 "i0"
    .port_info 1 /INPUT 1 "i1"
    .port_info 2 /OUTPUT 1 "o2"
L_0x5619dbc81680 .functor AND 1, L_0x5619dbc81b10, L_0x5619dbc80ed0, C4<1>, C4<1>;
v0x5619dbc65140_0 .net "i0", 0 0, L_0x5619dbc81b10;  alias, 1 drivers
v0x5619dbc65220_0 .net "i1", 0 0, L_0x5619dbc80ed0;  alias, 1 drivers
v0x5619dbc65330_0 .net "o2", 0 0, L_0x5619dbc81680;  alias, 1 drivers
S_0x5619dbc65430 .scope module, "or2_d" "or2" 4 3, 2 13 0, S_0x5619dbc64750;
 .timescale 0 0;
    .port_info 0 /INPUT 1 "i0"
    .port_info 1 /INPUT 1 "i1"
    .port_info 2 /OUTPUT 1 "o3"
L_0x5619dbc81540 .functor OR 1, L_0x5619dbc81440, L_0x5619dbc81a70, C4<0>, C4<0>;
v0x5619dbc65680_0 .net "i0", 0 0, L_0x5619dbc81440;  alias, 1 drivers
v0x5619dbc65750_0 .net "i1", 0 0, L_0x5619dbc81a70;  alias, 1 drivers
v0x5619dbc657f0_0 .net "o3", 0 0, L_0x5619dbc81540;  alias, 1 drivers
S_0x5619dbc66000 .scope module, "and_or_cg3_7" "and_or2" 4 95, 4 1 0, S_0x5619dbc4f410;
 .timescale 0 0;
    .port_info 0 /INPUT 1 "a"
    .port_info 1 /INPUT 1 "b"
    .port_info 2 /INPUT 1 "c"
    .port_info 3 /INPUT 1 "x"
    .port_info 4 /INPUT 1 "y"
    .port_info 5 /OUTPUT 1 "d"
    .port_info 6 /OUTPUT 1 "e"
v0x5619dbc67190_0 .net "a", 0 0, L_0x5619dbc7f9b0;  alias, 1 drivers
v0x5619dbc672c0_0 .net "b", 0 0, L_0x5619dbc7ea60;  alias, 1 drivers
v0x5619dbc67380_0 .net "c", 0 0, L_0x5619dbc7f870;  alias, 1 drivers
v0x5619dbc67450_0 .net "d", 0 0, L_0x5619dbc82020;  alias, 1 drivers
v0x5619dbc67520_0 .net "e", 0 0, L_0x5619dbc820d0;  alias, 1 drivers
v0x5619dbc675c0_0 .net "t", 0 0, L_0x5619dbc81e60;  1 drivers
v0x5619dbc676b0_0 .net "x", 0 0, L_0x5619dbc7f9b0;  alias, 1 drivers
v0x5619dbc67750_0 .net "y", 0 0, L_0x5619dbc7eba0;  alias, 1 drivers
S_0x5619dbc66280 .scope module, "and2_d" "and2" 4 2, 2 5 0, S_0x5619dbc66000;
 .timescale 0 0;
    .port_info 0 /INPUT 1 "i0"
    .port_info 1 /INPUT 1 "i1"
    .port_info 2 /OUTPUT 1 "o2"
L_0x5619dbc81e60 .functor AND 1, L_0x5619dbc7f9b0, L_0x5619dbc7ea60, C4<1>, C4<1>;
v0x5619dbc664e0_0 .net "i0", 0 0, L_0x5619dbc7f9b0;  alias, 1 drivers
v0x5619dbc665f0_0 .net "i1", 0 0, L_0x5619dbc7ea60;  alias, 1 drivers
v0x5619dbc666b0_0 .net "o2", 0 0, L_0x5619dbc81e60;  alias, 1 drivers
S_0x5619dbc667b0 .scope module, "and2_e" "and2" 4 4, 2 5 0, S_0x5619dbc66000;
 .timescale 0 0;
    .port_info 0 /INPUT 1 "i0"
    .port_info 1 /INPUT 1 "i1"
    .port_info 2 /OUTPUT 1 "o2"
L_0x5619dbc820d0 .functor AND 1, L_0x5619dbc7f9b0, L_0x5619dbc7eba0, C4<1>, C4<1>;
v0x5619dbc669d0_0 .net "i0", 0 0, L_0x5619dbc7f9b0;  alias, 1 drivers
v0x5619dbc66a90_0 .net "i1", 0 0, L_0x5619dbc7eba0;  alias, 1 drivers
v0x5619dbc66b50_0 .net "o2", 0 0, L_0x5619dbc820d0;  alias, 1 drivers
S_0x5619dbc66c80 .scope module, "or2_d" "or2" 4 3, 2 13 0, S_0x5619dbc66000;
 .timescale 0 0;
    .port_info 0 /INPUT 1 "i0"
    .port_info 1 /INPUT 1 "i1"
    .port_info 2 /OUTPUT 1 "o3"
L_0x5619dbc82020 .functor OR 1, L_0x5619dbc81e60, L_0x5619dbc7f870, C4<0>, C4<0>;
v0x5619dbc66ed0_0 .net "i0", 0 0, L_0x5619dbc81e60;  alias, 1 drivers
v0x5619dbc66fa0_0 .net "i1", 0 0, L_0x5619dbc7f870;  alias, 1 drivers
v0x5619dbc67090_0 .net "o3", 0 0, L_0x5619dbc82020;  alias, 1 drivers
S_0x5619dbc67890 .scope module, "and_or_cg4_11" "and_or2" 4 103, 4 1 0, S_0x5619dbc4f410;
 .timescale 0 0;
    .port_info 0 /INPUT 1 "a"
    .port_info 1 /INPUT 1 "b"
    .port_info 2 /INPUT 1 "c"
    .port_info 3 /INPUT 1 "x"
    .port_info 4 /INPUT 1 "y"
    .port_info 5 /OUTPUT 1 "d"
    .port_info 6 /OUTPUT 1 "e"
v0x5619dbc68ac0_0 .net "a", 0 0, L_0x5619dbc823c0;  alias, 1 drivers
v0x5619dbc68b60_0 .net "b", 0 0, L_0x5619dbc82020;  alias, 1 drivers
v0x5619dbc68c20_0 .net "c", 0 0, L_0x5619dbc82280;  alias, 1 drivers
v0x5619dbc68cf0_0 .net "d", 0 0, L_0x5619dbc84160;  alias, 1 drivers
v0x5619dbc68dc0_0 .net "e", 0 0, L_0x5619dbc84210;  alias, 1 drivers
v0x5619dbc68e60_0 .net "t", 0 0, L_0x5619dbc840b0;  1 drivers
v0x5619dbc68f50_0 .net "x", 0 0, L_0x5619dbc823c0;  alias, 1 drivers
v0x5619dbc68ff0_0 .net "y", 0 0, L_0x5619dbc820d0;  alias, 1 drivers
S_0x5619dbc67b10 .scope module, "and2_d" "and2" 4 2, 2 5 0, S_0x5619dbc67890;
 .timescale 0 0;
    .port_info 0 /INPUT 1 "i0"
    .port_info 1 /INPUT 1 "i1"
    .port_info 2 /OUTPUT 1 "o2"
L_0x5619dbc840b0 .functor AND 1, L_0x5619dbc823c0, L_0x5619dbc82020, C4<1>, C4<1>;
v0x5619dbc67d70_0 .net "i0", 0 0, L_0x5619dbc823c0;  alias, 1 drivers
v0x5619dbc67ec0_0 .net "i1", 0 0, L_0x5619dbc82020;  alias, 1 drivers
v0x5619dbc67f80_0 .net "o2", 0 0, L_0x5619dbc840b0;  alias, 1 drivers
S_0x5619dbc68080 .scope module, "and2_e" "and2" 4 4, 2 5 0, S_0x5619dbc67890;
 .timescale 0 0;
    .port_info 0 /INPUT 1 "i0"
    .port_info 1 /INPUT 1 "i1"
    .port_info 2 /OUTPUT 1 "o2"
L_0x5619dbc84210 .functor AND 1, L_0x5619dbc823c0, L_0x5619dbc820d0, C4<1>, C4<1>;
v0x5619dbc682a0_0 .net "i0", 0 0, L_0x5619dbc823c0;  alias, 1 drivers
v0x5619dbc68360_0 .net "i1", 0 0, L_0x5619dbc820d0;  alias, 1 drivers
v0x5619dbc68470_0 .net "o2", 0 0, L_0x5619dbc84210;  alias, 1 drivers
S_0x5619dbc68570 .scope module, "or2_d" "or2" 4 3, 2 13 0, S_0x5619dbc67890;
 .timescale 0 0;
    .port_info 0 /INPUT 1 "i0"
    .port_info 1 /INPUT 1 "i1"
    .port_info 2 /OUTPUT 1 "o3"
L_0x5619dbc84160 .functor OR 1, L_0x5619dbc840b0, L_0x5619dbc82280, C4<0>, C4<0>;
v0x5619dbc68790_0 .net "i0", 0 0, L_0x5619dbc840b0;  alias, 1 drivers
v0x5619dbc68860_0 .net "i1", 0 0, L_0x5619dbc82280;  alias, 1 drivers
v0x5619dbc68990_0 .net "o3", 0 0, L_0x5619dbc84160;  alias, 1 drivers
S_0x5619dbc69130 .scope module, "and_or_cg4_15" "and_or2" 4 105, 4 1 0, S_0x5619dbc4f410;
 .timescale 0 0;
    .port_info 0 /INPUT 1 "a"
    .port_info 1 /INPUT 1 "b"
    .port_info 2 /INPUT 1 "c"
    .port_info 3 /INPUT 1 "x"
    .port_info 4 /INPUT 1 "y"
    .port_info 5 /OUTPUT 1 "d"
    .port_info 6 /OUTPUT 1 "e"
v0x5619dbc6a310_0 .net "a", 0 0, L_0x5619dbc84000;  alias, 1 drivers
v0x5619dbc6a440_0 .net "b", 0 0, L_0x5619dbc82020;  alias, 1 drivers
v0x5619dbc6a500_0 .net "c", 0 0, L_0x5619dbc83f50;  alias, 1 drivers
v0x5619dbc6a5d0_0 .net "d", 0 0, L_0x5619dbc84480;  alias, 1 drivers
v0x5619dbc6a6a0_0 .net "e", 0 0, L_0x5619dbc84530;  alias, 1 drivers
v0x5619dbc6a740_0 .net "t", 0 0, L_0x5619dbc842c0;  1 drivers
v0x5619dbc6a830_0 .net "x", 0 0, L_0x5619dbc84000;  alias, 1 drivers
v0x5619dbc6a8d0_0 .net "y", 0 0, L_0x5619dbc820d0;  alias, 1 drivers
S_0x5619dbc693b0 .scope module, "and2_d" "and2" 4 2, 2 5 0, S_0x5619dbc69130;
 .timescale 0 0;
    .port_info 0 /INPUT 1 "i0"
    .port_info 1 /INPUT 1 "i1"
    .port_info 2 /OUTPUT 1 "o2"
L_0x5619dbc842c0 .functor AND 1, L_0x5619dbc84000, L_0x5619dbc82020, C4<1>, C4<1>;
v0x5619dbc69610_0 .net "i0", 0 0, L_0x5619dbc84000;  alias, 1 drivers
v0x5619dbc69720_0 .net "i1", 0 0, L_0x5619dbc82020;  alias, 1 drivers
v0x5619dbc69870_0 .net "o2", 0 0, L_0x5619dbc842c0;  alias, 1 drivers
S_0x5619dbc69970 .scope module, "and2_e" "and2" 4 4, 2 5 0, S_0x5619dbc69130;
 .timescale 0 0;
    .port_info 0 /INPUT 1 "i0"
    .port_info 1 /INPUT 1 "i1"
    .port_info 2 /OUTPUT 1 "o2"
L_0x5619dbc84530 .functor AND 1, L_0x5619dbc84000, L_0x5619dbc820d0, C4<1>, C4<1>;
v0x5619dbc69b40_0 .net "i0", 0 0, L_0x5619dbc84000;  alias, 1 drivers
v0x5619dbc69c00_0 .net "i1", 0 0, L_0x5619dbc820d0;  alias, 1 drivers
v0x5619dbc69d50_0 .net "o2", 0 0, L_0x5619dbc84530;  alias, 1 drivers
S_0x5619dbc69e50 .scope module, "or2_d" "or2" 4 3, 2 13 0, S_0x5619dbc69130;
 .timescale 0 0;
    .port_info 0 /INPUT 1 "i0"
    .port_info 1 /INPUT 1 "i1"
    .port_info 2 /OUTPUT 1 "o3"
L_0x5619dbc84480 .functor OR 1, L_0x5619dbc842c0, L_0x5619dbc83f50, C4<0>, C4<0>;
v0x5619dbc6a050_0 .net "i0", 0 0, L_0x5619dbc842c0;  alias, 1 drivers
v0x5619dbc6a120_0 .net "i1", 0 0, L_0x5619dbc83f50;  alias, 1 drivers
v0x5619dbc6a210_0 .net "o3", 0 0, L_0x5619dbc84480;  alias, 1 drivers
S_0x5619dbc6aa10 .scope module, "and_or_cg5_13" "and_or2" 4 109, 4 1 0, S_0x5619dbc4f410;
 .timescale 0 0;
    .port_info 0 /INPUT 1 "a"
    .port_info 1 /INPUT 1 "b"
    .port_info 2 /INPUT 1 "c"
    .port_info 3 /INPUT 1 "x"
    .port_info 4 /INPUT 1 "y"
    .port_info 5 /OUTPUT 1 "d"
    .port_info 6 /OUTPUT 1 "e"
v0x5619dbc6bbd0_0 .net "a", 0 0, L_0x5619dbc85060;  1 drivers
v0x5619dbc6bca0_0 .net "b", 0 0, L_0x5619dbc84160;  alias, 1 drivers
v0x5619dbc6bd40_0 .net "c", 0 0, L_0x5619dbc85420;  1 drivers
v0x5619dbc6be40_0 .net "d", 0 0, L_0x5619dbc84e20;  alias, 1 drivers
v0x5619dbc6bf10_0 .net "e", 0 0, L_0x5619dbc84f60;  alias, 1 drivers
v0x5619dbc6c000_0 .net "t", 0 0, L_0x5619dbc84d70;  1 drivers
v0x5619dbc6c0f0_0 .net "x", 0 0, L_0x5619dbc854c0;  1 drivers
v0x5619dbc6c190_0 .net "y", 0 0, L_0x5619dbc84210;  alias, 1 drivers
S_0x5619dbc6ac90 .scope module, "and2_d" "and2" 4 2, 2 5 0, S_0x5619dbc6aa10;
 .timescale 0 0;
    .port_info 0 /INPUT 1 "i0"
    .port_info 1 /INPUT 1 "i1"
    .port_info 2 /OUTPUT 1 "o2"
L_0x5619dbc84d70 .functor AND 1, L_0x5619dbc85060, L_0x5619dbc84160, C4<1>, C4<1>;
v0x5619dbc6aef0_0 .net "i0", 0 0, L_0x5619dbc85060;  alias, 1 drivers
v0x5619dbc6afd0_0 .net "i1", 0 0, L_0x5619dbc84160;  alias, 1 drivers
v0x5619dbc6b0e0_0 .net "o2", 0 0, L_0x5619dbc84d70;  alias, 1 drivers
S_0x5619dbc6b1e0 .scope module, "and2_e" "and2" 4 4, 2 5 0, S_0x5619dbc6aa10;
 .timescale 0 0;
    .port_info 0 /INPUT 1 "i0"
    .port_info 1 /INPUT 1 "i1"
    .port_info 2 /OUTPUT 1 "o2"
L_0x5619dbc84f60 .functor AND 1, L_0x5619dbc854c0, L_0x5619dbc84210, C4<1>, C4<1>;
v0x5619dbc6b400_0 .net "i0", 0 0, L_0x5619dbc854c0;  alias, 1 drivers
v0x5619dbc6b4e0_0 .net "i1", 0 0, L_0x5619dbc84210;  alias, 1 drivers
v0x5619dbc6b5f0_0 .net "o2", 0 0, L_0x5619dbc84f60;  alias, 1 drivers
S_0x5619dbc6b6f0 .scope module, "or2_d" "or2" 4 3, 2 13 0, S_0x5619dbc6aa10;
 .timescale 0 0;
    .port_info 0 /INPUT 1 "i0"
    .port_info 1 /INPUT 1 "i1"
    .port_info 2 /OUTPUT 1 "o3"
L_0x5619dbc84e20 .functor OR 1, L_0x5619dbc84d70, L_0x5619dbc85420, C4<0>, C4<0>;
v0x5619dbc6b910_0 .net "i0", 0 0, L_0x5619dbc84d70;  alias, 1 drivers
v0x5619dbc6b9e0_0 .net "i1", 0 0, L_0x5619dbc85420;  alias, 1 drivers
v0x5619dbc6ba80_0 .net "o3", 0 0, L_0x5619dbc84e20;  alias, 1 drivers
S_0x5619dbc6c290 .scope module, "and_or_cg5_9" "and_or2" 4 107, 4 1 0, S_0x5619dbc4f410;
 .timescale 0 0;
    .port_info 0 /INPUT 1 "a"
    .port_info 1 /INPUT 1 "b"
    .port_info 2 /INPUT 1 "c"
    .port_info 3 /INPUT 1 "x"
    .port_info 4 /INPUT 1 "y"
    .port_info 5 /OUTPUT 1 "d"
    .port_info 6 /OUTPUT 1 "e"
v0x5619dbc6d440_0 .net "a", 0 0, L_0x5619dbc84880;  1 drivers
v0x5619dbc6d510_0 .net "b", 0 0, L_0x5619dbc82020;  alias, 1 drivers
v0x5619dbc6d5b0_0 .net "c", 0 0, L_0x5619dbc84920;  1 drivers
v0x5619dbc6d6b0_0 .net "d", 0 0, L_0x5619dbc84690;  alias, 1 drivers
v0x5619dbc6d780_0 .net "e", 0 0, L_0x5619dbc847d0;  alias, 1 drivers
v0x5619dbc6d870_0 .net "t", 0 0, L_0x5619dbc845e0;  1 drivers
v0x5619dbc6d960_0 .net "x", 0 0, L_0x5619dbc84cd0;  1 drivers
v0x5619dbc6da00_0 .net "y", 0 0, L_0x5619dbc820d0;  alias, 1 drivers
S_0x5619dbc6c510 .scope module, "and2_d" "and2" 4 2, 2 5 0, S_0x5619dbc6c290;
 .timescale 0 0;
    .port_info 0 /INPUT 1 "i0"
    .port_info 1 /INPUT 1 "i1"
    .port_info 2 /OUTPUT 1 "o2"
L_0x5619dbc845e0 .functor AND 1, L_0x5619dbc84880, L_0x5619dbc82020, C4<1>, C4<1>;
v0x5619dbc6c770_0 .net "i0", 0 0, L_0x5619dbc84880;  alias, 1 drivers
v0x5619dbc6c850_0 .net "i1", 0 0, L_0x5619dbc82020;  alias, 1 drivers
v0x5619dbc6c910_0 .net "o2", 0 0, L_0x5619dbc845e0;  alias, 1 drivers
S_0x5619dbc6ca40 .scope module, "and2_e" "and2" 4 4, 2 5 0, S_0x5619dbc6c290;
 .timescale 0 0;
    .port_info 0 /INPUT 1 "i0"
    .port_info 1 /INPUT 1 "i1"
    .port_info 2 /OUTPUT 1 "o2"
L_0x5619dbc847d0 .functor AND 1, L_0x5619dbc84cd0, L_0x5619dbc820d0, C4<1>, C4<1>;
v0x5619dbc6cc60_0 .net "i0", 0 0, L_0x5619dbc84cd0;  alias, 1 drivers
v0x5619dbc6cd40_0 .net "i1", 0 0, L_0x5619dbc820d0;  alias, 1 drivers
v0x5619dbc6ce00_0 .net "o2", 0 0, L_0x5619dbc847d0;  alias, 1 drivers
S_0x5619dbc6cf30 .scope module, "or2_d" "or2" 4 3, 2 13 0, S_0x5619dbc6c290;
 .timescale 0 0;
    .port_info 0 /INPUT 1 "i0"
    .port_info 1 /INPUT 1 "i1"
    .port_info 2 /OUTPUT 1 "o3"
L_0x5619dbc84690 .functor OR 1, L_0x5619dbc845e0, L_0x5619dbc84920, C4<0>, C4<0>;
v0x5619dbc6d180_0 .net "i0", 0 0, L_0x5619dbc845e0;  alias, 1 drivers
v0x5619dbc6d250_0 .net "i1", 0 0, L_0x5619dbc84920;  alias, 1 drivers
v0x5619dbc6d2f0_0 .net "o3", 0 0, L_0x5619dbc84690;  alias, 1 drivers
S_0x5619dbc6db00 .scope module, "xor2_p0" "xor2" 4 47, 2 21 0, S_0x5619dbc4f410;
 .timescale 0 0;
    .port_info 0 /INPUT 1 "i0"
    .port_info 1 /INPUT 1 "i1"
    .port_info 2 /OUTPUT 1 "o4"
L_0x5619dbc77470 .functor XOR 1, L_0x5619dbc77510, L_0x5619dbc77650, C4<0>, C4<0>;
v0x5619dbc6dd40_0 .net "i0", 0 0, L_0x5619dbc77510;  1 drivers
v0x5619dbc6de20_0 .net "i1", 0 0, L_0x5619dbc77650;  1 drivers
v0x5619dbc6dee0_0 .net "o4", 0 0, L_0x5619dbc77470;  1 drivers
S_0x5619dbc6e030 .scope module, "xor2_p1" "xor2" 4 53, 2 21 0, S_0x5619dbc4f410;
 .timescale 0 0;
    .port_info 0 /INPUT 1 "i0"
    .port_info 1 /INPUT 1 "i1"
    .port_info 2 /OUTPUT 1 "o4"
L_0x5619dbc77bc0 .functor XOR 1, L_0x5619dbc77c90, L_0x5619dbc77e10, C4<0>, C4<0>;
v0x5619dbc6e250_0 .net "i0", 0 0, L_0x5619dbc77c90;  1 drivers
v0x5619dbc6e330_0 .net "i1", 0 0, L_0x5619dbc77e10;  1 drivers
v0x5619dbc6e3f0_0 .net "o4", 0 0, L_0x5619dbc77bc0;  1 drivers
S_0x5619dbc6e540 .scope module, "xor2_p2" "xor2" 4 57, 2 21 0, S_0x5619dbc4f410;
 .timescale 0 0;
    .port_info 0 /INPUT 1 "i0"
    .port_info 1 /INPUT 1 "i1"
    .port_info 2 /OUTPUT 1 "o4"
L_0x5619dbc78770 .functor XOR 1, L_0x5619dbc78ad0, L_0x5619dbc78c00, C4<0>, C4<0>;
v0x5619dbc6e760_0 .net "i0", 0 0, L_0x5619dbc78ad0;  1 drivers
v0x5619dbc6e840_0 .net "i1", 0 0, L_0x5619dbc78c00;  1 drivers
v0x5619dbc6e900_0 .net "o4", 0 0, L_0x5619dbc78770;  1 drivers
S_0x5619dbc6ea50 .scope module, "xor2_p3" "xor2" 4 62, 2 21 0, S_0x5619dbc4f410;
 .timescale 0 0;
    .port_info 0 /INPUT 1 "i0"
    .port_info 1 /INPUT 1 "i1"
    .port_info 2 /OUTPUT 1 "o4"
L_0x5619dbc79130 .functor XOR 1, L_0x5619dbc791a0, L_0x5619dbc79410, C4<0>, C4<0>;
v0x5619dbc6ec70_0 .net "i0", 0 0, L_0x5619dbc791a0;  1 drivers
v0x5619dbc6ed50_0 .net "i1", 0 0, L_0x5619dbc79410;  1 drivers
v0x5619dbc6ee10_0 .net "o4", 0 0, L_0x5619dbc79130;  1 drivers
S_0x5619dbc6ef60 .scope module, "xor2_p5" "xor2" 4 72, 2 21 0, S_0x5619dbc4f410;
 .timescale 0 0;
    .port_info 0 /INPUT 1 "i0"
    .port_info 1 /INPUT 1 "i1"
    .port_info 2 /OUTPUT 1 "o4"
L_0x5619dbc7a800 .functor XOR 1, L_0x5619dbc7a870, L_0x5619dbc7acf0, C4<0>, C4<0>;
v0x5619dbc6f180_0 .net "i0", 0 0, L_0x5619dbc7a870;  1 drivers
v0x5619dbc6f260_0 .net "i1", 0 0, L_0x5619dbc7acf0;  1 drivers
v0x5619dbc6f320_0 .net "o4", 0 0, L_0x5619dbc7a800;  1 drivers
S_0x5619dbc6f470 .scope module, "xor2_p6" "xor2" 4 76, 2 21 0, S_0x5619dbc4f410;
 .timescale 0 0;
    .port_info 0 /INPUT 1 "i0"
    .port_info 1 /INPUT 1 "i1"
    .port_info 2 /OUTPUT 1 "o4"
L_0x5619dbc7bbe0 .functor XOR 1, L_0x5619dbc7bc50, L_0x5619dbc7bec0, C4<0>, C4<0>;
v0x5619dbc6f690_0 .net "i0", 0 0, L_0x5619dbc7bc50;  1 drivers
v0x5619dbc6f770_0 .net "i1", 0 0, L_0x5619dbc7bec0;  1 drivers
v0x5619dbc6f830_0 .net "o4", 0 0, L_0x5619dbc7bbe0;  1 drivers
S_0x5619dbc6f980 .scope module, "xor2_p7" "xor2" 4 81, 2 21 0, S_0x5619dbc4f410;
 .timescale 0 0;
    .port_info 0 /INPUT 1 "i0"
    .port_info 1 /INPUT 1 "i1"
    .port_info 2 /OUTPUT 1 "o4"
L_0x5619dbc7c670 .functor XOR 1, L_0x5619dbc7c6e0, L_0x5619dbc7cb90, C4<0>, C4<0>;
v0x5619dbc6fba0_0 .net "i0", 0 0, L_0x5619dbc7c6e0;  1 drivers
v0x5619dbc6fc80_0 .net "i1", 0 0, L_0x5619dbc7cb90;  1 drivers
v0x5619dbc6fd40_0 .net "o4", 0 0, L_0x5619dbc7c670;  1 drivers
S_0x5619dbc6fe90 .scope module, "xor2_s1" "xor2" 4 113, 2 21 0, S_0x5619dbc4f410;
 .timescale 0 0;
    .port_info 0 /INPUT 1 "i0"
    .port_info 1 /INPUT 1 "i1"
    .port_info 2 /OUTPUT 1 "o4"
L_0x5619dbc85b40 .functor XOR 1, L_0x5619dbc85bb0, L_0x5619dbc85fe0, C4<0>, C4<0>;
v0x5619dbc700b0_0 .net "i0", 0 0, L_0x5619dbc85bb0;  1 drivers
v0x5619dbc70190_0 .net "i1", 0 0, L_0x5619dbc85fe0;  1 drivers
v0x5619dbc70250_0 .net "o4", 0 0, L_0x5619dbc85b40;  1 drivers
S_0x5619dbc703a0 .scope module, "xor2_s2" "xor2" 4 114, 2 21 0, S_0x5619dbc4f410;
 .timescale 0 0;
    .port_info 0 /INPUT 1 "i0"
    .port_info 1 /INPUT 1 "i1"
    .port_info 2 /OUTPUT 1 "o4"
L_0x5619dbc862e0 .functor XOR 1, L_0x5619dbc86350, L_0x5619dbc86790, C4<0>, C4<0>;
v0x5619dbc705c0_0 .net "i0", 0 0, L_0x5619dbc86350;  1 drivers
v0x5619dbc706a0_0 .net "i1", 0 0, L_0x5619dbc86790;  1 drivers
v0x5619dbc70760_0 .net "o4", 0 0, L_0x5619dbc862e0;  1 drivers
S_0x5619dbc708b0 .scope module, "xor2_s3" "xor2" 4 115, 2 21 0, S_0x5619dbc4f410;
 .timescale 0 0;
    .port_info 0 /INPUT 1 "i0"
    .port_info 1 /INPUT 1 "i1"
    .port_info 2 /OUTPUT 1 "o4"
L_0x5619dbc86880 .functor XOR 1, L_0x5619dbc868f0, L_0x5619dbc7dfa0, C4<0>, C4<0>;
v0x5619dbc70ad0_0 .net "i0", 0 0, L_0x5619dbc868f0;  1 drivers
v0x5619dbc70bb0_0 .net "i1", 0 0, L_0x5619dbc7dfa0;  alias, 1 drivers
v0x5619dbc70cc0_0 .net "o4", 0 0, L_0x5619dbc86880;  1 drivers
S_0x5619dbc70dc0 .scope module, "xor2_s4" "xor2" 4 116, 2 21 0, S_0x5619dbc4f410;
 .timescale 0 0;
    .port_info 0 /INPUT 1 "i0"
    .port_info 1 /INPUT 1 "i1"
    .port_info 2 /OUTPUT 1 "o4"
L_0x5619dbc86d40 .functor XOR 1, L_0x5619dbc86db0, L_0x5619dbc7ea60, C4<0>, C4<0>;
v0x5619dbc70fe0_0 .net "i0", 0 0, L_0x5619dbc86db0;  1 drivers
v0x5619dbc710c0_0 .net "i1", 0 0, L_0x5619dbc7ea60;  alias, 1 drivers
v0x5619dbc71180_0 .net "o4", 0 0, L_0x5619dbc86d40;  1 drivers
S_0x5619dbc712b0 .scope module, "xor2_s5" "xor2" 4 117, 2 21 0, S_0x5619dbc4f410;
 .timescale 0 0;
    .port_info 0 /INPUT 1 "i0"
    .port_info 1 /INPUT 1 "i1"
    .port_info 2 /OUTPUT 1 "o4"
L_0x5619dbc86ea0 .functor XOR 1, L_0x5619dbc86f10, L_0x5619dbc803d0, C4<0>, C4<0>;
v0x5619dbc714d0_0 .net "i0", 0 0, L_0x5619dbc86f10;  1 drivers
v0x5619dbc715b0_0 .net "i1", 0 0, L_0x5619dbc803d0;  alias, 1 drivers
v0x5619dbc716c0_0 .net "o4", 0 0, L_0x5619dbc86ea0;  1 drivers
S_0x5619dbc717c0 .scope module, "xor2_s6" "xor2" 4 118, 2 21 0, S_0x5619dbc4f410;
 .timescale 0 0;
    .port_info 0 /INPUT 1 "i0"
    .port_info 1 /INPUT 1 "i1"
    .port_info 2 /OUTPUT 1 "o4"
L_0x5619dbc87370 .functor XOR 1, L_0x5619dbc873e0, L_0x5619dbc80d90, C4<0>, C4<0>;
v0x5619dbc719e0_0 .net "i0", 0 0, L_0x5619dbc873e0;  1 drivers
v0x5619dbc71ac0_0 .net "i1", 0 0, L_0x5619dbc80d90;  alias, 1 drivers
v0x5619dbc71b80_0 .net "o4", 0 0, L_0x5619dbc87370;  1 drivers
S_0x5619dbc71cb0 .scope module, "xor2_s7" "xor2" 4 119, 2 21 0, S_0x5619dbc4f410;
 .timescale 0 0;
    .port_info 0 /INPUT 1 "i0"
    .port_info 1 /INPUT 1 "i1"
    .port_info 2 /OUTPUT 1 "o4"
L_0x5619dbc874d0 .functor XOR 1, L_0x5619dbc87540, L_0x5619dbc81540, C4<0>, C4<0>;
v0x5619dbc71e80_0 .net "i0", 0 0, L_0x5619dbc87540;  1 drivers
v0x5619dbc71f60_0 .net "i1", 0 0, L_0x5619dbc81540;  alias, 1 drivers
v0x5619dbc72070_0 .net "o4", 0 0, L_0x5619dbc874d0;  1 drivers
S_0x5619dbc72170 .scope module, "xpr2_p4" "xor2" 4 67, 2 21 0, S_0x5619dbc4f410;
 .timescale 0 0;
    .port_info 0 /INPUT 1 "i0"
    .port_info 1 /INPUT 1 "i1"
    .port_info 2 /OUTPUT 1 "o4"
L_0x5619dbc7a250 .functor XOR 1, L_0x5619dbc7a2c0, L_0x5619dbc7a3b0, C4<0>, C4<0>;
v0x5619dbc72390_0 .net "i0", 0 0, L_0x5619dbc7a2c0;  1 drivers
v0x5619dbc72470_0 .net "i1", 0 0, L_0x5619dbc7a3b0;  1 drivers
v0x5619dbc72530_0 .net "o4", 0 0, L_0x5619dbc7a250;  1 drivers
S_0x5619dbc052f0 .scope module, "xor2_v2" "xor2_v2" 2 17;
 .timescale 0 0;
    .port_info 0 /INPUT 1 "i0"
    .port_info 1 /INPUT 1 "i1"
    .port_info 2 /OUTPUT 1 "o3"
o0x7f9940702008 .functor BUFZ 1, C4<z>; HiZ drive
L_0x5619dbc88300 .functor AND 1, o0x7f9940702008, L_0x5619dbc88260, C4<1>, C4<1>;
o0x7f9940702038 .functor BUFZ 1, C4<z>; HiZ drive
L_0x5619dbc884b0 .functor AND 1, o0x7f9940702038, L_0x5619dbc883c0, C4<1>, C4<1>;
L_0x5619dbc885c0 .functor OR 1, L_0x5619dbc88300, L_0x5619dbc884b0, C4<0>, C4<0>;
v0x5619dbc757d0_0 .net *"_s1", 0 0, L_0x5619dbc88260;  1 drivers
v0x5619dbc758b0_0 .net *"_s2", 0 0, L_0x5619dbc88300;  1 drivers
v0x5619dbc75990_0 .net *"_s5", 0 0, L_0x5619dbc883c0;  1 drivers
v0x5619dbc75a30_0 .net *"_s6", 0 0, L_0x5619dbc884b0;  1 drivers
v0x5619dbc75b10_0 .net "i0", 0 0, o0x7f9940702008;  0 drivers
v0x5619dbc75c20_0 .net "i1", 0 0, o0x7f9940702038;  0 drivers
v0x5619dbc75ce0_0 .net "o3", 0 0, L_0x5619dbc885c0;  1 drivers
L_0x5619dbc88260 .reduce/nor o0x7f9940702038;
L_0x5619dbc883c0 .reduce/nor o0x7f9940702008;
S_0x5619dbc11470 .scope module, "xor3" "xor3" 2 25;
 .timescale 0 0;
    .port_info 0 /INPUT 1 "i0"
    .port_info 1 /INPUT 1 "i1"
    .port_info 2 /INPUT 1 "i2"
    .port_info 3 /OUTPUT 1 "o7"
o0x7f9940702158 .functor BUFZ 1, C4<z>; HiZ drive
o0x7f9940702188 .functor BUFZ 1, C4<z>; HiZ drive
L_0x5619dbc886d0 .functor XOR 1, o0x7f9940702158, o0x7f9940702188, C4<0>, C4<0>;
o0x7f99407021b8 .functor BUFZ 1, C4<z>; HiZ drive
L_0x5619dbc88740 .functor XOR 1, L_0x5619dbc886d0, o0x7f99407021b8, C4<0>, C4<0>;
v0x5619dbc75e20_0 .net *"_s0", 0 0, L_0x5619dbc886d0;  1 drivers
v0x5619dbc75f00_0 .net "i0", 0 0, o0x7f9940702158;  0 drivers
v0x5619dbc75fc0_0 .net "i1", 0 0, o0x7f9940702188;  0 drivers
v0x5619dbc76060_0 .net "i2", 0 0, o0x7f99407021b8;  0 drivers
v0x5619dbc76120_0 .net "o7", 0 0, L_0x5619dbc88740;  1 drivers
S_0x5619dbc11080 .scope module, "xor3E" "xor3E" 2 29;
 .timescale 0 0;
    .port_info 0 /INPUT 1 "i0"
    .port_info 1 /INPUT 1 "i1"
    .port_info 2 /INPUT 1 "i2"
    .port_info 3 /OUTPUT 1 "o7"
L_0x5619dbc88940 .functor AND 1, L_0x5619dbc88800, L_0x5619dbc888a0, C4<1>, C4<1>;
o0x7f99407025a8 .functor BUFZ 1, C4<z>; HiZ drive
L_0x5619dbc88a50 .functor AND 1, L_0x5619dbc88940, o0x7f99407025a8, C4<1>, C4<1>;
o0x7f9940702578 .functor BUFZ 1, C4<z>; HiZ drive
L_0x5619dbc88c00 .functor AND 1, L_0x5619dbc88b10, o0x7f9940702578, C4<1>, C4<1>;
L_0x5619dbc88e00 .functor AND 1, L_0x5619dbc88c00, L_0x5619dbc88d10, C4<1>, C4<1>;
L_0x5619dbc88f10 .functor OR 1, L_0x5619dbc88a50, L_0x5619dbc88e00, C4<0>, C4<0>;
o0x7f9940702548 .functor BUFZ 1, C4<z>; HiZ drive
L_0x5619dbc890c0 .functor AND 1, o0x7f9940702548, L_0x5619dbc89020, C4<1>, C4<1>;
L_0x5619dbc892a0 .functor AND 1, L_0x5619dbc890c0, L_0x5619dbc891c0, C4<1>, C4<1>;
L_0x5619dbc893b0 .functor OR 1, L_0x5619dbc88f10, L_0x5619dbc892a0, C4<0>, C4<0>;
v0x5619dbc762b0_0 .net *"_s1", 0 0, L_0x5619dbc88800;  1 drivers
v0x5619dbc76390_0 .net *"_s10", 0 0, L_0x5619dbc88c00;  1 drivers
v0x5619dbc76470_0 .net *"_s13", 0 0, L_0x5619dbc88d10;  1 drivers
v0x5619dbc76510_0 .net *"_s14", 0 0, L_0x5619dbc88e00;  1 drivers
v0x5619dbc765f0_0 .net *"_s16", 0 0, L_0x5619dbc88f10;  1 drivers
v0x5619dbc76720_0 .net *"_s19", 0 0, L_0x5619dbc89020;  1 drivers
v0x5619dbc767e0_0 .net *"_s20", 0 0, L_0x5619dbc890c0;  1 drivers
v0x5619dbc768c0_0 .net *"_s23", 0 0, L_0x5619dbc891c0;  1 drivers
v0x5619dbc76980_0 .net *"_s24", 0 0, L_0x5619dbc892a0;  1 drivers
v0x5619dbc76a60_0 .net *"_s3", 0 0, L_0x5619dbc888a0;  1 drivers
v0x5619dbc76b20_0 .net *"_s4", 0 0, L_0x5619dbc88940;  1 drivers
v0x5619dbc76c00_0 .net *"_s6", 0 0, L_0x5619dbc88a50;  1 drivers
v0x5619dbc76ce0_0 .net *"_s9", 0 0, L_0x5619dbc88b10;  1 drivers
v0x5619dbc76da0_0 .net "i0", 0 0, o0x7f9940702548;  0 drivers
v0x5619dbc76e60_0 .net "i1", 0 0, o0x7f9940702578;  0 drivers
v0x5619dbc76f20_0 .net "i2", 0 0, o0x7f99407025a8;  0 drivers
v0x5619dbc76fe0_0 .net "o7", 0 0, L_0x5619dbc893b0;  1 drivers
L_0x5619dbc88800 .reduce/nor o0x7f9940702548;
L_0x5619dbc888a0 .reduce/nor o0x7f9940702578;
L_0x5619dbc88b10 .reduce/nor o0x7f9940702548;
L_0x5619dbc88d10 .reduce/nor o0x7f99407025a8;
L_0x5619dbc89020 .reduce/nor o0x7f9940702578;
L_0x5619dbc891c0 .reduce/nor o0x7f99407025a8;
    .scope S_0x5619dbc12f20;
T_0 ;
    %vpi_call 3 10 "$dumpfile", "prefixAdder.vcd" {0 0 0};
    %vpi_call 3 10 "$dumpvars", 32'sb00000000000000000000000000000000, S_0x5619dbc12f20 {0 0 0};
    %end;
    .thread T_0;
    .scope S_0x5619dbc12f20;
T_1 ;
    %pushi/vec4 1, 0, 1;
    %store/vec4 v0x5619dbc75670_0, 0, 1;
    %delay 125, 0;
    %pushi/vec4 0, 0, 1;
    %store/vec4 v0x5619dbc75670_0, 0, 1;
    %end;
    .thread T_1;
    .scope S_0x5619dbc12f20;
T_2 ;
    %pushi/vec4 0, 0, 1;
    %store/vec4 v0x5619dbc752a0_0, 0, 1;
    %end;
    .thread T_2;
    .scope S_0x5619dbc12f20;
T_3 ;
    %delay 50, 0;
    %load/vec4 v0x5619dbc752a0_0;
    %inv;
    %store/vec4 v0x5619dbc752a0_0, 0, 1;
    %jmp T_3;
    .thread T_3;
    .scope S_0x5619dbc12f20;
T_4 ;
    %pushi/vec4 1, 0, 8;
    %ix/load 4, 0, 0;
    %flag_set/imm 4, 0;
    %flag_mov 8, 4;
    %ix/load 5, 8, 0;
    %flag_set/imm 4, 0;
    %flag_or 4, 8;
    %store/vec4a v0x5619dbc75710, 4, 5;
    %pushi/vec4 0, 0, 8;
    %ix/load 4, 0, 0;
    %flag_set/imm 4, 0;
    %flag_mov 8, 4;
    %ix/load 5, 0, 0;
    %flag_set/imm 4, 0;
    %flag_or 4, 8;
    %store/vec4a v0x5619dbc75710, 4, 5;
    %pushi/vec4 1, 0, 8;
    %ix/load 4, 1, 0;
    %flag_set/imm 4, 0;
    %flag_mov 8, 4;
    %ix/load 5, 8, 0;
    %flag_set/imm 4, 0;
    %flag_or 4, 8;
    %store/vec4a v0x5619dbc75710, 4, 5;
    %pushi/vec4 1, 0, 8;
    %ix/load 4, 1, 0;
    %flag_set/imm 4, 0;
    %flag_mov 8, 4;
    %ix/load 5, 0, 0;
    %flag_set/imm 4, 0;
    %flag_or 4, 8;
    %store/vec4a v0x5619dbc75710, 4, 5;
    %pushi/vec4 255, 0, 8;
    %ix/load 4, 2, 0;
    %flag_set/imm 4, 0;
    %flag_mov 8, 4;
    %ix/load 5, 8, 0;
    %flag_set/imm 4, 0;
    %flag_or 4, 8;
    %store/vec4a v0x5619dbc75710, 4, 5;
    %pushi/vec4 1, 0, 8;
    %ix/load 4, 2, 0;
    %flag_set/imm 4, 0;
    %flag_mov 8, 4;
    %ix/load 5, 0, 0;
    %flag_set/imm 4, 0;
    %flag_or 4, 8;
    %store/vec4a v0x5619dbc75710, 4, 5;
    %pushi/vec4 255, 0, 8;
    %ix/load 4, 3, 0;
    %flag_set/imm 4, 0;
    %flag_mov 8, 4;
    %ix/load 5, 8, 0;
    %flag_set/imm 4, 0;
    %flag_or 4, 8;
    %store/vec4a v0x5619dbc75710, 4, 5;
    %pushi/vec4 255, 0, 8;
    %ix/load 4, 3, 0;
    %flag_set/imm 4, 0;
    %flag_mov 8, 4;
    %ix/load 5, 0, 0;
    %flag_set/imm 4, 0;
    %flag_or 4, 8;
    %store/vec4a v0x5619dbc75710, 4, 5;
    %pushi/vec4 175, 0, 8;
    %ix/load 4, 4, 0;
    %flag_set/imm 4, 0;
    %flag_mov 8, 4;
    %ix/load 5, 8, 0;
    %flag_set/imm 4, 0;
    %flag_or 4, 8;
    %store/vec4a v0x5619dbc75710, 4, 5;
    %pushi/vec4 250, 0, 8;
    %ix/load 4, 4, 0;
    %flag_set/imm 4, 0;
    %flag_mov 8, 4;
    %ix/load 5, 0, 0;
    %flag_set/imm 4, 0;
    %flag_or 4, 8;
    %store/vec4a v0x5619dbc75710, 4, 5;
    %pushi/vec4 241, 0, 8;
    %ix/load 4, 5, 0;
    %flag_set/imm 4, 0;
    %flag_mov 8, 4;
    %ix/load 5, 8, 0;
    %flag_set/imm 4, 0;
    %flag_or 4, 8;
    %store/vec4a v0x5619dbc75710, 4, 5;
    %pushi/vec4 249, 0, 8;
    %ix/load 4, 5, 0;
    %flag_set/imm 4, 0;
    %flag_mov 8, 4;
    %ix/load 5, 0, 0;
    %flag_set/imm 4, 0;
    %flag_or 4, 8;
    %store/vec4a v0x5619dbc75710, 4, 5;
    %pushi/vec4 204, 0, 8;
    %ix/load 4, 6, 0;
    %flag_set/imm 4, 0;
    %flag_mov 8, 4;
    %ix/load 5, 8, 0;
    %flag_set/imm 4, 0;
    %flag_or 4, 8;
    %store/vec4a v0x5619dbc75710, 4, 5;
    %pushi/vec4 187, 0, 8;
    %ix/load 4, 6, 0;
    %flag_set/imm 4, 0;
    %flag_mov 8, 4;
    %ix/load 5, 0, 0;
    %flag_set/imm 4, 0;
    %flag_or 4, 8;
    %store/vec4a v0x5619dbc75710, 4, 5;
    %pushi/vec4 255, 0, 8;
    %ix/load 4, 7, 0;
    %flag_set/imm 4, 0;
    %flag_mov 8, 4;
    %ix/load 5, 8, 0;
    %flag_set/imm 4, 0;
    %flag_or 4, 8;
    %store/vec4a v0x5619dbc75710, 4, 5;
    %pushi/vec4 0, 0, 8;
    %ix/load 4, 7, 0;
    %flag_set/imm 4, 0;
    %flag_mov 8, 4;
    %ix/load 5, 0, 0;
    %flag_set/imm 4, 0;
    %flag_or 4, 8;
    %store/vec4a v0x5619dbc75710, 4, 5;
    %end;
    .thread T_4;
    .scope S_0x5619dbc12f20;
T_5 ;
    %pushi/vec4 0, 0, 16;
    %split/vec4 8;
    %store/vec4 v0x5619dbc754e0_0, 0, 8;
    %store/vec4 v0x5619dbc75440_0, 0, 8;
    %end;
    .thread T_5;
    .scope S_0x5619dbc12f20;
T_6 ;
    %delay 60, 0;
    %pushi/vec4 0, 0, 32;
    %store/vec4 v0x5619dbc75360_0, 0, 32;
T_6.0 ;
    %load/vec4 v0x5619dbc75360_0;
    %cmpi/s 8, 0, 32;
    %jmp/0xz T_6.1, 5;
    %delay 100, 0;
    %ix/getv/s 4, v0x5619dbc75360_0;
    %load/vec4a v0x5619dbc75710, 4;
    %pad/u 16;
    %split/vec4 8;
    %store/vec4 v0x5619dbc754e0_0, 0, 8;
    %store/vec4 v0x5619dbc75440_0, 0, 8;
    %load/vec4 v0x5619dbc75360_0;
    %addi 1, 0, 32;
    %store/vec4 v0x5619dbc75360_0, 0, 32;
    %jmp T_6.0;
T_6.1 ;
    %delay 1000, 0;
    %vpi_call 3 31 "$finish" {0 0 0};
    %end;
    .thread T_6;
# The file index is used to find the file name in the following table.
:file_names 5;
    "N/A";
    "<interactive>";
    "helperModules.v";
    "testBench.v";
    "prefixAdder.v";
